#
# A fatal error has been detected by the Java Runtime Environment:
#
#  SIGSEGV (0xb) at pc=0x000000010bac4b9a, pid=2160, tid=0x0000000000002b03
#
# JRE version: Java(TM) SE Runtime Environment (8.0_162-b12) (build 1.8.0_162-b12)
# Java VM: Java HotSpot(TM) 64-Bit Server VM (25.162-b12 mixed mode bsd-amd64 compressed oops)
# Problematic frame:
# V  [libjvm.dylib+0x2c4b9a]  void PSParallelCompact::mark_and_push<unsigned int>(ParCompactionManager*, unsigned int*)+0x58
#
# Failed to write core dump. Core dumps have been disabled. To enable core dumping, try "ulimit -c unlimited" before starting Java again
#
# If you would like to submit a bug report, please visit:
#   http://bugreport.java.com/bugreport/crash.jsp
#

---------------  T H R E A D  ---------------

Current thread (0x00007f817e81a800):  GCTaskThread [stack: 0x000070000c81d000,0x000070000c91d000] [id=11011]

siginfo: si_signo: 11 (SIGSEGV), si_code: 0 (unknown), si_addr: 0x0000000000000000

Registers:
RAX=0x000000010ceb9000, RBX=0x00007f817e524870, RCX=0x03ffffffe1c00080, RDX=0x1fffffff0e000400
RSP=0x000070000c91cbe0, RBP=0x000070000c91cc00, RSI=0x0000000792e412fc, RDI=0x00007f817e524870
R8 =0x000000000000005c, R9 =0x0000000000008ea8, R10=0x0000000400100201, R11=0x0000000000800000
R12=0x0000000792e412fc, R13=0x0000000792e41310, R14=0x0000000000002000, R15=0x00000007c0008fc0
RIP=0x000000010bac4b9a, EFLAGS=0x0000000000010202, ERR=0x0000000000000000
  TRAPNO=0x000000000000000d

Top of Stack: (sp=0x000070000c91cbe0)
0x000070000c91cbe0:   000070000c91cc10 00007f817e524870
0x000070000c91cbf0:   00000007c0008fb8 00000007c0008fc0
0x000070000c91cc00:   000070000c91cc50 000000010bac16d5
0x000070000c91cc10:   00007f817e524870 0000000792e412b8
0x000070000c91cc20:   0000000000000000 00007f817e524870
0x000070000c91cc30:   0000000792e412b8 000000010be16cf3
0x000070000c91cc40:   00007f817e524878 000000010c043ad0
0x000070000c91cc50:   000070000c91cce0 000000010bcbf0b4
0x000070000c91cc60:   0001000000000000 00007f817e5248b0
0x000070000c91cc70:   00007f817e5248f8 00007f817e524930
0x000070000c91cc80:   000070000c91ccb0 000000010bac4cb7
0x000070000c91cc90:   0000000792e412b8 000070000c91cd88
0x000070000c91cca0:   0000000000000078 000000010c10d4a0
0x000070000c91ccb0:   000070000c91cce0 00007f817e524870
0x000070000c91ccc0:   0000000000000000 000000010be16cf3
0x000070000c91ccd0:   000070000c91cd88 0000000000000001
0x000070000c91cce0:   000070000c91cdb0 000000010bcb1b73
0x000070000c91ccf0:   0000000000000000 00007f817e51a368
0x000070000c91cd00:   000070000c91cd60 00007fff6ecb8878
0x000070000c91cd10:   00007f817e5184f0 00007f817e51a368
0x000070000c91cd20:   0000000000000000 0000000000000001
0x000070000c91cd30:   0000700000000000 00007f817e51a300
0x000070000c91cd40:   0000000000000000 000000010bdf3688
0x000070000c91cd50:   00007f817e51a328 0000000000000003
0x000070000c91cd60:   000070000c91cd80 000000010bc891ee
0x000070000c91cd70:   000000010c0dc0c0 00007f817e518400
0x000070000c91cd80:   000070000c91cd88 000000010c0dc090
0x000070000c91cd90:   000070000c91cd00 00007f817e524870
0x000070000c91cda0:   00007f817e81a800 00007f817e51d490
0x000070000c91cdb0:   000070000c91ce90 000000010ba779b3
0x000070000c91cdc0:   000070000c91cdf0 00007f817e51a820
0x000070000c91cdd0:   00007f817e51a850 00007f817e51a860 

Instructions: (pc=0x000000010bac4b9a)
0x000000010bac4b7a:   10 48 c1 ea 03 48 8d 0d a2 36 56 00 8a 09 48 d3
0x000000010bac4b8a:   ea 48 89 d1 48 83 e1 c0 48 c1 e9 03 48 8b 40 30
0x000000010bac4b9a:   48 8b 04 08 48 0f a3 d0 72 5d 4c 89 f7 e8 88 5e
0x000000010bac4baa:   ee ff 4c 63 f8 48 8d 3d 0a 2b 63 00 4c 89 f6 4c 

Register to memory mapping:

RAX=0x000000010ceb9000 is an unknown value
RBX=0x00007f817e524870 is an unknown value
RCX=0x03ffffffe1c00080 is an unknown value
RDX=0x1fffffff0e000400 is an unknown value
RSP=0x000070000c91cbe0 is an unknown value
RBP=0x000070000c91cc00 is an unknown value
RSI=0x0000000792e412fc is pointing into object: 0x0000000792e412b8
java.lang.reflect.Method 
 - klass: 'java/lang/reflect/Method'
RDI=0x00007f817e524870 is an unknown value
R8 =0x000000000000005c is an unknown value
R9 =0x0000000000008ea8 is an unknown value
R10=0x0000000400100201 is an unknown value
R11=0x0000000000800000 is an unknown value
R12=0x0000000792e412fc is pointing into object: 0x0000000792e412b8
java.lang.reflect.Method 
 - klass: 'java/lang/reflect/Method'
R13=0x0000000792e41310 is an oop
[Ljava.lang.Class; 
 - klass: 'java/lang/Class'[]
 - length: 1
R14=0x0000000000002000 is an unknown value
R15=0x00000007c0008fc0 is pointing into metadata


Stack: [0x000070000c81d000,0x000070000c91d000],  sp=0x000070000c91cbe0,  free space=1022k
Native frames: (J=compiled Java code, j=interpreted, Vv=VM code, C=native code)
V  [libjvm.dylib+0x2c4b9a]  void PSParallelCompact::mark_and_push<unsigned int>(ParCompactionManager*, unsigned int*)+0x58
V  [libjvm.dylib+0x2c16d5]  InstanceKlass::oop_follow_contents(ParCompactionManager*, oopDesc*)+0x10d
V  [libjvm.dylib+0x4bf0b4]  ParCompactionManager::follow_marking_stacks()+0xb4
V  [libjvm.dylib+0x4b1b73]  MarkFromRootsTask::do_it(GCTaskManager*, unsigned int)+0x1b9
V  [libjvm.dylib+0x2779b3]  GCTaskThread::run()+0x1a1
V  [libjvm.dylib+0x48d672]  java_start(Thread*)+0xf6
C  [libsystem_pthread.dylib+0x36c1]  _pthread_body+0x154
C  [libsystem_pthread.dylib+0x356d]  _pthread_body+0x0
C  [libsystem_pthread.dylib+0x2c5d]  thread_start+0xd


---------------  P R O C E S S  ---------------

Java Threads: ( => current thread )
  0x00007f817f4e0800 JavaThread "Thread-9" daemon [_thread_blocked, id=2831, stack(0x000070000d441000,0x000070000d541000)]
  0x00007f817e803800 JavaThread "DestroyJavaVM" [_thread_blocked, id=6403, stack(0x000070000c514000,0x000070000c614000)]
  0x00007f817fc4c800 JavaThread "Thread-6" daemon [_thread_blocked, id=39683, stack(0x000070000e980000,0x000070000ea80000)]
  0x00007f817f402800 JavaThread "Thread-8" [_thread_blocked, id=39939, stack(0x000070000e87d000,0x000070000e97d000)]
  0x00007f818023d000 JavaThread "Thread-7" daemon [_thread_blocked, id=26115, stack(0x000070000e77a000,0x000070000e87a000)]
  0x00007f817e9f2800 JavaThread "http-nio-8080-AsyncTimeout" daemon [_thread_blocked, id=40451, stack(0x000070000e677000,0x000070000e777000)]
  0x00007f818023c800 JavaThread "http-nio-8080-Acceptor-0" daemon [_thread_in_native, id=40707, stack(0x000070000e574000,0x000070000e674000)]
  0x00007f817e9e7000 JavaThread "http-nio-8080-ClientPoller-1" daemon [_thread_blocked, id=40963, stack(0x000070000e471000,0x000070000e571000)]
  0x00007f817f6cf800 JavaThread "http-nio-8080-ClientPoller-0" daemon [_thread_in_native, id=25347, stack(0x000070000e36e000,0x000070000e46e000)]
  0x00007f817e9e6000 JavaThread "http-nio-8080-exec-10" daemon [_thread_blocked, id=41475, stack(0x000070000e26b000,0x000070000e36b000)]
  0x00007f817e9e9800 JavaThread "http-nio-8080-exec-9" daemon [_thread_blocked, id=24579, stack(0x000070000e168000,0x000070000e268000)]
  0x00007f817f6ce800 JavaThread "http-nio-8080-exec-8" daemon [_thread_blocked, id=24067, stack(0x000070000e065000,0x000070000e165000)]
  0x00007f81801a0800 JavaThread "http-nio-8080-exec-7" daemon [_thread_blocked, id=41731, stack(0x000070000df62000,0x000070000e062000)]
  0x00007f817f6ce000 JavaThread "http-nio-8080-exec-6" daemon [_thread_blocked, id=23555, stack(0x000070000de5f000,0x000070000df5f000)]
  0x00007f817f6cd000 JavaThread "http-nio-8080-exec-5" daemon [_thread_blocked, id=23043, stack(0x000070000dd5c000,0x000070000de5c000)]
  0x00007f81801af000 JavaThread "http-nio-8080-exec-4" daemon [_thread_blocked, id=42243, stack(0x000070000dc59000,0x000070000dd59000)]
  0x00007f817fb10000 JavaThread "http-nio-8080-exec-3" daemon [_thread_blocked, id=22531, stack(0x000070000db56000,0x000070000dc56000)]
  0x00007f817fa8d800 JavaThread "http-nio-8080-exec-2" daemon [_thread_blocked, id=42755, stack(0x000070000da53000,0x000070000db53000)]
  0x00007f817f6c9000 JavaThread "http-nio-8080-exec-1" daemon [_thread_blocked, id=43267, stack(0x000070000d950000,0x000070000da50000)]
  0x00007f817ea38800 JavaThread "NioBlockingSelector.BlockPoller-1" daemon [_thread_blocked, id=21763, stack(0x000070000d84d000,0x000070000d94d000)]
  0x00007f817f23d000 JavaThread "container-0" [_thread_blocked, id=15363, stack(0x000070000d74a000,0x000070000d84a000)]
  0x00007f817fb13000 JavaThread "ContainerBackgroundProcessor[StandardEngine[Tomcat]]" daemon [_thread_blocked, id=15619, stack(0x000070000d647000,0x000070000d747000)]
  0x00007f817f5d0800 JavaThread "Tomcat JDBC Pool Cleaner[414493378:1520247337869]" daemon [_thread_blocked, id=16135, stack(0x000070000c38b000,0x000070000c48b000)]
  0x00007f8180185000 JavaThread "FileSystemWatcher: files=#15 cl=sun.misc.Launcher$AppClassLoader@18b4aac2" daemon [_thread_blocked, id=16643, stack(0x000070000d33e000,0x000070000d43e000)]
  0x00007f817f20d800 JavaThread "Service Thread" daemon [_thread_blocked, id=17411, stack(0x000070000d138000,0x000070000d238000)]
  0x00007f817f20c800 JavaThread "C1 CompilerThread2" daemon [_thread_blocked, id=14083, stack(0x000070000d035000,0x000070000d135000)]
  0x00007f818018a000 JavaThread "C2 CompilerThread1" daemon [_thread_blocked, id=17923, stack(0x000070000cf32000,0x000070000d032000)]
  0x00007f817f021000 JavaThread "C2 CompilerThread0" daemon [_thread_blocked, id=18435, stack(0x000070000ce2f000,0x000070000cf2f000)]
  0x00007f817e847000 JavaThread "Signal Dispatcher" daemon [_thread_blocked, id=13579, stack(0x000070000cd2c000,0x000070000ce2c000)]
  0x00007f817f806000 JavaThread "Finalizer" daemon [_thread_blocked, id=20483, stack(0x000070000cc29000,0x000070000cd29000)]
  0x00007f817f805000 JavaThread "Reference Handler" daemon [_thread_blocked, id=11779, stack(0x000070000cb26000,0x000070000cc26000)]

Other Threads:
  0x00007f817e86b000 VMThread [stack: 0x000070000ca23000,0x000070000cb23000] [id=21251]
  0x00007f817f9b4800 WatcherThread [stack: 0x000070000d23b000,0x000070000d33b000] [id=17155]

=>0x00007f817e81a800 (exited) GCTaskThread [stack: 0x000070000c81d000,0x000070000c91d000] [id=11011]

VM state:at safepoint (normal execution)

VM Mutex/Monitor currently owned by a thread:  ([mutex/lock_event])
[0x00007f817e603b10] Threads_lock - owner thread: 0x00007f817e86b000
[0x00007f817e604010] Heap_lock - owner thread: 0x00007f81801af000

Heap:
 PSYoungGen      total 230400K, used 27325K [0x00000007b0000000, 0x00000007c0000000, 0x00000007c0000000)
  eden space 202752K, 0% used [0x00000007b0000000,0x00000007b0000000,0x00000007bc600000)
  from space 27648K, 98% used [0x00000007bc600000,0x00000007be0af5b0,0x00000007be100000)
  to   space 31744K, 0% used [0x00000007be100000,0x00000007be100000,0x00000007c0000000)
 ParOldGen       total 524288K, used 52881K [0x0000000790000000, 0x00000007b0000000, 0x00000007b0000000)
  object space 524288K, 10% used [0x0000000790000000,0x00000007933a45a8,0x00000007b0000000)
 Metaspace       used 57234K, capacity 59118K, committed 59160K, reserved 1099776K
  class space    used 7516K, capacity 8219K, committed 8240K, reserved 1048576K

Card table byte_map: [0x000000010cc38000,0x000000010cdb9000] byte_map_base: 0x0000000108fb8000

Marking Bits: (ParMarkBitMap*) 0x000000010c0f76c0
 Begin Bits: [0x000000010ceb9000, 0x000000010dab9000)
 End Bits:   [0x000000010dab9000, 0x000000010e6b9000)

Polling page: 0x000000010afe9000

CodeCache: size=245760Kb used=13622Kb max_used=13622Kb free=232138Kb
 bounds [0x000000011ae01000, 0x000000011bb61000, 0x0000000129e01000]
 total_blobs=6659 nmethods=5910 adapters=661
 compilation: enabled

Compilation events (10 events):
Event: 34.706 Thread 0x00007f817f20c800 6058       1       sun.misc.IOUtils::readFully (138 bytes)
Event: 34.707 Thread 0x00007f817f20c800 nmethod 6058 0x000000011bb4ee90 code [0x000000011bb4f040, 0x000000011bb4f678]
Event: 34.710 Thread 0x00007f817f20c800 6059       1       java.io.ByteArrayInputStream::mark (9 bytes)
Event: 34.710 Thread 0x00007f817f20c800 nmethod 6059 0x000000011bb4f910 code [0x000000011bb4fa60, 0x000000011bb4fb70]
Event: 34.710 Thread 0x00007f817f20c800 6060       1       java.io.ByteArrayInputStream::<init> (26 bytes)
Event: 34.710 Thread 0x00007f817f20c800 nmethod 6060 0x000000011bb4fbd0 code [0x000000011bb4fd20, 0x000000011bb4fe70]
Event: 34.712 Thread 0x00007f817f20c800 6061       1       sun.security.util.DerInputStream::getLength (243 bytes)
Event: 34.713 Thread 0x00007f817f20c800 nmethod 6061 0x000000011bb4ff10 code [0x000000011bb50200, 0x000000011bb50fd8]
Event: 34.713 Thread 0x00007f817f20c800 6062       1       sun.security.util.DerInputStream::available (8 bytes)
Event: 34.713 Thread 0x00007f817f20c800 nmethod 6062 0x000000011bb51990 code [0x000000011bb51b00, 0x000000011bb51db0]

GC Heap History (10 events):
Event: 16.278 GC heap after
Heap after GC invocations=17 (full 2):
 PSYoungGen      total 239104K, used 19478K [0x00000007b0000000, 0x00000007c0000000, 0x00000007c0000000)
  eden space 219136K, 0% used [0x00000007b0000000,0x00000007b0000000,0x00000007bd600000)
  from space 19968K, 97% used [0x00000007bd600000,0x00000007be905860,0x00000007be980000)
  to   space 23040K, 0% used [0x00000007be980000,0x00000007be980000,0x00000007c0000000)
 ParOldGen       total 524288K, used 40751K [0x0000000790000000, 0x00000007b0000000, 0x00000007b0000000)
  object space 524288K, 7% used [0x0000000790000000,0x00000007927cbd90,0x00000007b0000000)
 Metaspace       used 48450K, capacity 49304K, committed 49576K, reserved 1093632K
  class space    used 6145K, capacity 6319K, committed 6320K, reserved 1048576K
}
Event: 17.295 GC heap before
{Heap before GC invocations=18 (full 2):
 PSYoungGen      total 239104K, used 238614K [0x00000007b0000000, 0x00000007c0000000, 0x00000007c0000000)
  eden space 219136K, 100% used [0x00000007b0000000,0x00000007bd600000,0x00000007bd600000)
  from space 19968K, 97% used [0x00000007bd600000,0x00000007be905860,0x00000007be980000)
  to   space 23040K, 0% used [0x00000007be980000,0x00000007be980000,0x00000007c0000000)
 ParOldGen       total 524288K, used 40751K [0x0000000790000000, 0x00000007b0000000, 0x00000007b0000000)
  object space 524288K, 7% used [0x0000000790000000,0x00000007927cbd90,0x00000007b0000000)
 Metaspace       used 49871K, capacity 50772K, committed 50856K, reserved 1093632K
  class space    used 6377K, capacity 6565K, committed 6576K, reserved 1048576K
Event: 17.320 GC heap after
Heap after GC invocations=18 (full 2):
 PSYoungGen      total 229888K, used 23017K [0x00000007b0000000, 0x00000007c0000000, 0x00000007c0000000)
  eden space 206848K, 0% used [0x00000007b0000000,0x00000007b0000000,0x00000007bca00000)
  from space 23040K, 99% used [0x00000007be980000,0x00000007bfffa730,0x00000007c0000000)
  to   space 27648K, 0% used [0x00000007bca00000,0x00000007bca00000,0x00000007be500000)
 ParOldGen       total 524288K, used 44757K [0x0000000790000000, 0x00000007b0000000, 0x00000007b0000000)
  object space 524288K, 8% used [0x0000000790000000,0x0000000792bb55b0,0x00000007b0000000)
 Metaspace       used 49871K, capacity 50772K, committed 50856K, reserved 1093632K
  class space    used 6377K, capacity 6565K, committed 6576K, reserved 1048576K
}
Event: 24.057 GC heap before
{Heap before GC invocations=19 (full 2):
 PSYoungGen      total 229888K, used 229865K [0x00000007b0000000, 0x00000007c0000000, 0x00000007c0000000)
  eden space 206848K, 100% used [0x00000007b0000000,0x00000007bca00000,0x00000007bca00000)
  from space 23040K, 99% used [0x00000007be980000,0x00000007bfffa730,0x00000007c0000000)
  to   space 27648K, 0% used [0x00000007bca00000,0x00000007bca00000,0x00000007be500000)
 ParOldGen       total 524288K, used 44757K [0x0000000790000000, 0x00000007b0000000, 0x00000007b0000000)
  object space 524288K, 8% used [0x0000000790000000,0x0000000792bb55b0,0x00000007b0000000)
 Metaspace       used 53934K, capacity 54874K, committed 55080K, reserved 1097728K
  class space    used 6903K, capacity 7106K, committed 7216K, reserved 1048576K
Event: 24.092 GC heap after
Heap after GC invocations=19 (full 2):
 PSYoungGen      total 227840K, used 20502K [0x00000007b0000000, 0x00000007c0000000, 0x00000007c0000000)
  eden space 206848K, 0% used [0x00000007b0000000,0x00000007b0000000,0x00000007bca00000)
  from space 20992K, 97% used [0x00000007bca00000,0x00000007bde05b40,0x00000007bde80000)
  to   space 28672K, 0% used [0x00000007be400000,0x00000007be400000,0x00000007c0000000)
 ParOldGen       total 524288K, used 52865K [0x0000000790000000, 0x00000007b0000000, 0x00000007b0000000)
  object space 524288K, 10% used [0x0000000790000000,0x00000007933a05a8,0x00000007b0000000)
 Metaspace       used 53934K, capacity 54874K, committed 55080K, reserved 1097728K
  class space    used 6903K, capacity 7106K, committed 7216K, reserved 1048576K
}
Event: 26.078 GC heap before
{Heap before GC invocations=20 (full 2):
 PSYoungGen      total 227840K, used 227350K [0x00000007b0000000, 0x00000007c0000000, 0x00000007c0000000)
  eden space 206848K, 100% used [0x00000007b0000000,0x00000007bca00000,0x00000007bca00000)
  from space 20992K, 97% used [0x00000007bca00000,0x00000007bde05b40,0x00000007bde80000)
  to   space 28672K, 0% used [0x00000007be400000,0x00000007be400000,0x00000007c0000000)
 ParOldGen       total 524288K, used 52865K [0x0000000790000000, 0x00000007b0000000, 0x00000007b0000000)
  object space 524288K, 10% used [0x0000000790000000,0x00000007933a05a8,0x00000007b0000000)
 Metaspace       used 55134K, capacity 56440K, committed 56488K, reserved 1097728K
  class space    used 7145K, capacity 7584K, committed 7600K, reserved 1048576K
Event: 26.101 GC heap after
Heap after GC invocations=20 (full 2):
 PSYoungGen      total 231424K, used 21918K [0x00000007b0000000, 0x00000007c0000000, 0x00000007c0000000)
  eden space 202752K, 0% used [0x00000007b0000000,0x00000007b0000000,0x00000007bc600000)
  from space 28672K, 76% used [0x00000007be400000,0x00000007bf9679d0,0x00000007c0000000)
  to   space 29696K, 0% used [0x00000007bc600000,0x00000007bc600000,0x00000007be300000)
 ParOldGen       total 524288K, used 52873K [0x0000000790000000, 0x00000007b0000000, 0x00000007b0000000)
  object space 524288K, 10% used [0x0000000790000000,0x00000007933a25a8,0x00000007b0000000)
 Metaspace       used 55134K, capacity 56440K, committed 56488K, reserved 1097728K
  class space    used 7145K, capacity 7584K, committed 7600K, reserved 1048576K
}
Event: 34.714 GC heap before
{Heap before GC invocations=21 (full 2):
 PSYoungGen      total 231424K, used 166594K [0x00000007b0000000, 0x00000007c0000000, 0x00000007c0000000)
  eden space 202752K, 71% used [0x00000007b0000000,0x00000007b8d491b0,0x00000007bc600000)
  from space 28672K, 76% used [0x00000007be400000,0x00000007bf9679d0,0x00000007c0000000)
  to   space 29696K, 0% used [0x00000007bc600000,0x00000007bc600000,0x00000007be300000)
 ParOldGen       total 524288K, used 52873K [0x0000000790000000, 0x00000007b0000000, 0x00000007b0000000)
  object space 524288K, 10% used [0x0000000790000000,0x00000007933a25a8,0x00000007b0000000)
 Metaspace       used 57234K, capacity 59118K, committed 59160K, reserved 1099776K
  class space    used 7516K, capacity 8219K, committed 8240K, reserved 1048576K
Event: 34.740 GC heap after
Heap after GC invocations=21 (full 2):
 PSYoungGen      total 230400K, used 27325K [0x00000007b0000000, 0x00000007c0000000, 0x00000007c0000000)
  eden space 202752K, 0% used [0x00000007b0000000,0x00000007b0000000,0x00000007bc600000)
  from space 27648K, 98% used [0x00000007bc600000,0x00000007be0af5b0,0x00000007be100000)
  to   space 31744K, 0% used [0x00000007be100000,0x00000007be100000,0x00000007c0000000)
 ParOldGen       total 524288K, used 52881K [0x0000000790000000, 0x00000007b0000000, 0x00000007b0000000)
  object space 524288K, 10% used [0x0000000790000000,0x00000007933a45a8,0x00000007b0000000)
 Metaspace       used 57234K, capacity 59118K, committed 59160K, reserved 1099776K
  class space    used 7516K, capacity 8219K, committed 8240K, reserved 1048576K
}
Event: 34.740 GC heap before
{Heap before GC invocations=22 (full 3):
 PSYoungGen      total 230400K, used 27325K [0x00000007b0000000, 0x00000007c0000000, 0x00000007c0000000)
  eden space 202752K, 0% used [0x00000007b0000000,0x00000007b0000000,0x00000007bc600000)
  from space 27648K, 98% used [0x00000007bc600000,0x00000007be0af5b0,0x00000007be100000)
  to   space 31744K, 0% used [0x00000007be100000,0x00000007be100000,0x00000007c0000000)
 ParOldGen       total 524288K, used 52881K [0x0000000790000000, 0x00000007b0000000, 0x00000007b0000000)
  object space 524288K, 10% used [0x0000000790000000,0x00000007933a45a8,0x00000007b0000000)
 Metaspace       used 57234K, capacity 59118K, committed 59160K, reserved 1099776K
  class space    used 7516K, capacity 8219K, committed 8240K, reserved 1048576K

Deoptimization events (0 events):
No events

Classes redefined (0 events):
No events

Internal exceptions (10 events):
Event: 34.602 Thread 0x00007f81801af000 Exception <a 'java/lang/ArrayIndexOutOfBoundsException'> (0x00000007b84c4b98) thrown at [/Users/java_re/workspace/8-2-build-macosx-x86_64/jdk8u162/10278/hotspot/src/share/vm/runtime/sharedRuntime.cpp, line 605]
Event: 34.602 Thread 0x00007f81801af000 Exception <a 'java/lang/ArrayIndexOutOfBoundsException'> (0x00000007b84cba18) thrown at [/Users/java_re/workspace/8-2-build-macosx-x86_64/jdk8u162/10278/hotspot/src/share/vm/runtime/sharedRuntime.cpp, line 605]
Event: 34.619 Thread 0x00007f81801af000 Exception <a 'java/lang/ClassNotFoundException': grails/gorm/transactions/GrailsTransactionTemplateBeanInfo> (0x00000007b883f3f8) thrown at [/Users/java_re/workspace/8-2-build-macosx-x86_64/jdk8u162/10278/hotspot/src/share/vm/classfile/systemDictionary.cp
Event: 34.620 Thread 0x00007f81801af000 Exception <a 'java/lang/ClassNotFoundException': grails/gorm/transactions/GrailsTransactionTemplateCustomizer> (0x00000007b886ac38) thrown at [/Users/java_re/workspace/8-2-build-macosx-x86_64/jdk8u162/10278/hotspot/src/share/vm/classfile/systemDictionary.
Event: 34.620 Thread 0x00007f81801af000 Exception <a 'java/lang/ArrayIndexOutOfBoundsException'> (0x00000007b886e608) thrown at [/Users/java_re/workspace/8-2-build-macosx-x86_64/jdk8u162/10278/hotspot/src/share/vm/runtime/sharedRuntime.cpp, line 605]
Event: 34.620 Thread 0x00007f81801af000 Exception <a 'java/lang/ArrayIndexOutOfBoundsException'> (0x00000007b8873180) thrown at [/Users/java_re/workspace/8-2-build-macosx-x86_64/jdk8u162/10278/hotspot/src/share/vm/runtime/sharedRuntime.cpp, line 605]
Event: 34.630 Thread 0x00007f81801af000 Exception <a 'java/lang/ClassNotFoundException': grails/gorm/transactions/GrailsTransactionTemplate$2BeanInfo> (0x00000007b8a08e00) thrown at [/Users/java_re/workspace/8-2-build-macosx-x86_64/jdk8u162/10278/hotspot/src/share/vm/classfile/systemDictionary.
Event: 34.631 Thread 0x00007f81801af000 Exception <a 'java/lang/ClassNotFoundException': grails/gorm/transactions/GrailsTransactionTemplate$2Customizer> (0x00000007b8a35180) thrown at [/Users/java_re/workspace/8-2-build-macosx-x86_64/jdk8u162/10278/hotspot/src/share/vm/classfile/systemDictionar
Event: 34.639 Thread 0x00007f81801af000 Exception <a 'java/lang/ClassNotFoundException': GeoLocal/JsonUtilBeanInfo> (0x00000007b8b7e040) thrown at [/Users/java_re/workspace/8-2-build-macosx-x86_64/jdk8u162/10278/hotspot/src/share/vm/classfile/systemDictionary.cpp, line 210]
Event: 34.640 Thread 0x00007f81801af000 Exception <a 'java/lang/ClassNotFoundException': GeoLocal/JsonUtilCustomizer> (0x00000007b8b9c8c0) thrown at [/Users/java_re/workspace/8-2-build-macosx-x86_64/jdk8u162/10278/hotspot/src/share/vm/classfile/systemDictionary.cpp, line 210]

Events (10 events):
Event: 34.710 loading class sun/security/pkcs/SignerInfo
Event: 34.711 loading class sun/security/pkcs/SignerInfo done
Event: 34.711 loading class java/security/CryptoPrimitive
Event: 34.711 loading class java/security/CryptoPrimitive done
Event: 34.712 loading class sun/security/util/ConstraintsParameters
Event: 34.712 loading class sun/security/util/ConstraintsParameters done
Event: 34.713 loading class sun/security/x509/AVAKeyword
Event: 34.713 loading class sun/security/x509/AVAKeyword done
Event: 34.713 loading class sun/security/pkcs/PKCS9Attribute
Event: 34.714 Executing VM operation: CollectForMetadataAllocation


Dynamic libraries:
0x000000001f47a000 	/System/Library/Frameworks/Cocoa.framework/Versions/A/Cocoa
0x000000001f47a000 	/System/Library/Frameworks/Security.framework/Versions/A/Security
0x000000001f47a000 	/System/Library/Frameworks/ApplicationServices.framework/Versions/A/ApplicationServices
0x000000001f47a000 	/usr/lib/libz.1.dylib
0x000000001f47a000 	/usr/lib/libSystem.B.dylib
0x000000001f47a000 	/usr/lib/libobjc.A.dylib
0x000000001f47a000 	/System/Library/Frameworks/CoreFoundation.framework/Versions/A/CoreFoundation
0x000000001f47a000 	/System/Library/Frameworks/Foundation.framework/Versions/C/Foundation
0x000000001f47a000 	/System/Library/Frameworks/AppKit.framework/Versions/C/AppKit
0x000000001f47a000 	/System/Library/Frameworks/CoreData.framework/Versions/A/CoreData
0x000000001f47a000 	/System/Library/PrivateFrameworks/RemoteViewServices.framework/Versions/A/RemoteViewServices
0x000000001f47a000 	/System/Library/PrivateFrameworks/UIFoundation.framework/Versions/A/UIFoundation
0x000000001f47a000 	/System/Library/PrivateFrameworks/DFRFoundation.framework/Versions/A/DFRFoundation
0x000000001f47a000 	/System/Library/Frameworks/Metal.framework/Versions/A/Metal
0x000000001f47a000 	/System/Library/PrivateFrameworks/DesktopServicesPriv.framework/Versions/A/DesktopServicesPriv
0x000000001f47a000 	/usr/lib/libenergytrace.dylib
0x000000001f47a000 	/System/Library/PrivateFrameworks/SkyLight.framework/Versions/A/SkyLight
0x000000001f47a000 	/System/Library/Frameworks/CoreGraphics.framework/Versions/A/CoreGraphics
0x000000001f47a000 	/usr/lib/libScreenReader.dylib
0x000000001f47a000 	/System/Library/Frameworks/Accelerate.framework/Versions/A/Accelerate
0x000000001f47a000 	/System/Library/Frameworks/IOSurface.framework/Versions/A/IOSurface
0x000000001f47a000 	/System/Library/Frameworks/AudioToolbox.framework/Versions/A/AudioToolbox
0x000000001f47a000 	/System/Library/Frameworks/AudioUnit.framework/Versions/A/AudioUnit
0x000000001f47a000 	/System/Library/PrivateFrameworks/DataDetectorsCore.framework/Versions/A/DataDetectorsCore
0x000000001f47a000 	/System/Library/Frameworks/Carbon.framework/Versions/A/Frameworks/HIToolbox.framework/Versions/A/HIToolbox
0x000000001f47a000 	/usr/lib/libicucore.A.dylib
0x000000001f47a000 	/System/Library/Frameworks/QuartzCore.framework/Versions/A/QuartzCore
0x000000001f47a000 	/System/Library/Frameworks/Carbon.framework/Versions/A/Frameworks/SpeechRecognition.framework/Versions/A/SpeechRecognition
0x000000001f47a000 	/usr/lib/libauto.dylib
0x000000001f47a000 	/usr/lib/libxml2.2.dylib
0x000000001f47a000 	/System/Library/PrivateFrameworks/CoreUI.framework/Versions/A/CoreUI
0x000000001f47a000 	/System/Library/Frameworks/CoreAudio.framework/Versions/A/CoreAudio
0x000000001f47a000 	/System/Library/Frameworks/DiskArbitration.framework/Versions/A/DiskArbitration
0x000000001f47a000 	/usr/lib/liblangid.dylib
0x000000001f47a000 	/System/Library/PrivateFrameworks/MultitouchSupport.framework/Versions/A/MultitouchSupport
0x000000001f47a000 	/System/Library/Frameworks/IOKit.framework/Versions/A/IOKit
0x000000001f47a000 	/usr/lib/libDiagnosticMessagesClient.dylib
0x000000001f47a000 	/System/Library/Frameworks/CoreServices.framework/Versions/A/CoreServices
0x000000001f47a000 	/System/Library/PrivateFrameworks/PerformanceAnalysis.framework/Versions/A/PerformanceAnalysis
0x000000001f47a000 	/System/Library/Frameworks/OpenGL.framework/Versions/A/OpenGL
0x000000001f47a000 	/System/Library/Frameworks/ColorSync.framework/Versions/A/ColorSync
0x000000001f47a000 	/System/Library/Frameworks/CoreImage.framework/Versions/A/CoreImage
0x000000001f47a000 	/System/Library/Frameworks/CoreText.framework/Versions/A/CoreText
0x000000001f47a000 	/System/Library/Frameworks/ImageIO.framework/Versions/A/ImageIO
0x000000001f47a000 	/System/Library/PrivateFrameworks/Backup.framework/Versions/A/Backup
0x000000001f47a000 	/usr/lib/libarchive.2.dylib
0x000000001f47a000 	/System/Library/Frameworks/CFNetwork.framework/Versions/A/CFNetwork
0x000000001f47a000 	/System/Library/Frameworks/SystemConfiguration.framework/Versions/A/SystemConfiguration
0x000000001f47a000 	/usr/lib/libCRFSuite.dylib
0x000000001f47a000 	/usr/lib/libc++.1.dylib
0x000000001f47a000 	/usr/lib/libc++abi.dylib
0x000000001f47a000 	/usr/lib/system/libcache.dylib
0x000000001f47a000 	/usr/lib/system/libcommonCrypto.dylib
0x000000001f47a000 	/usr/lib/system/libcompiler_rt.dylib
0x000000001f47a000 	/usr/lib/system/libcopyfile.dylib
0x000000001f47a000 	/usr/lib/system/libcorecrypto.dylib
0x000000001f47a000 	/usr/lib/system/libdispatch.dylib
0x000000001f47a000 	/usr/lib/system/libdyld.dylib
0x000000001f47a000 	/usr/lib/system/libkeymgr.dylib
0x000000001f47a000 	/usr/lib/system/liblaunch.dylib
0x000000001f47a000 	/usr/lib/system/libmacho.dylib
0x000000001f47a000 	/usr/lib/system/libquarantine.dylib
0x000000001f47a000 	/usr/lib/system/libremovefile.dylib
0x000000001f47a000 	/usr/lib/system/libsystem_asl.dylib
0x000000001f47a000 	/usr/lib/system/libsystem_blocks.dylib
0x000000001f47a000 	/usr/lib/system/libsystem_c.dylib
0x000000001f47a000 	/usr/lib/system/libsystem_configuration.dylib
0x000000001f47a000 	/usr/lib/system/libsystem_coreservices.dylib
0x000000001f47a000 	/usr/lib/system/libsystem_darwin.dylib
0x000000001f47a000 	/usr/lib/system/libsystem_dnssd.dylib
0x000000001f47a000 	/usr/lib/system/libsystem_info.dylib
0x000000001f47a000 	/usr/lib/system/libsystem_m.dylib
0x000000001f47a000 	/usr/lib/system/libsystem_malloc.dylib
0x000000001f47a000 	/usr/lib/system/libsystem_network.dylib
0x000000001f47a000 	/usr/lib/system/libsystem_networkextension.dylib
0x000000001f47a000 	/usr/lib/system/libsystem_notify.dylib
0x000000001f47a000 	/usr/lib/system/libsystem_sandbox.dylib
0x000000001f47a000 	/usr/lib/system/libsystem_secinit.dylib
0x000000001f47a000 	/usr/lib/system/libsystem_kernel.dylib
0x000000001f47a000 	/usr/lib/system/libsystem_platform.dylib
0x000000001f47a000 	/usr/lib/system/libsystem_pthread.dylib
0x000000001f47a000 	/usr/lib/system/libsystem_symptoms.dylib
0x000000001f47a000 	/usr/lib/system/libsystem_trace.dylib
0x000000001f47a000 	/usr/lib/system/libunwind.dylib
0x000000001f47a000 	/usr/lib/system/libxpc.dylib
0x000000001f47a000 	/usr/lib/closure/libclosured.dylib
0x000000001f47a000 	/usr/lib/libbsm.0.dylib
0x000000001f47a000 	/usr/lib/system/libkxld.dylib
0x000000001f47a000 	/usr/lib/libOpenScriptingUtil.dylib
0x000000001f47a000 	/usr/lib/libcoretls.dylib
0x000000001f47a000 	/usr/lib/libcoretls_cfhelpers.dylib
0x000000001f47a000 	/usr/lib/libpam.2.dylib
0x000000001f47a000 	/usr/lib/libsqlite3.dylib
0x000000001f47a000 	/usr/lib/libxar.1.dylib
0x000000001f47a000 	/usr/lib/libbz2.1.0.dylib
0x000000001f47a000 	/usr/lib/liblzma.5.dylib
0x000000001f47a000 	/usr/lib/libnetwork.dylib
0x000000001f47a000 	/usr/lib/libapple_nghttp2.dylib
0x000000001f47a000 	/usr/lib/libpcap.A.dylib
0x000000001f47a000 	/usr/lib/libboringssl.dylib
0x000000001f47a000 	/usr/lib/libusrtcp.dylib
0x000000001f47a000 	/usr/lib/libapple_crypto.dylib
0x000000001f47a000 	/System/Library/Frameworks/CoreServices.framework/Versions/A/Frameworks/FSEvents.framework/Versions/A/FSEvents
0x000000001f47a000 	/System/Library/Frameworks/CoreServices.framework/Versions/A/Frameworks/CarbonCore.framework/Versions/A/CarbonCore
0x000000001f47a000 	/System/Library/Frameworks/CoreServices.framework/Versions/A/Frameworks/Metadata.framework/Versions/A/Metadata
0x000000001f47a000 	/System/Library/Frameworks/CoreServices.framework/Versions/A/Frameworks/OSServices.framework/Versions/A/OSServices
0x000000001f47a000 	/System/Library/Frameworks/CoreServices.framework/Versions/A/Frameworks/SearchKit.framework/Versions/A/SearchKit
0x000000001f47a000 	/System/Library/Frameworks/CoreServices.framework/Versions/A/Frameworks/AE.framework/Versions/A/AE
0x000000001f47a000 	/System/Library/Frameworks/CoreServices.framework/Versions/A/Frameworks/LaunchServices.framework/Versions/A/LaunchServices
0x000000001f47a000 	/System/Library/Frameworks/CoreServices.framework/Versions/A/Frameworks/DictionaryServices.framework/Versions/A/DictionaryServices
0x000000001f47a000 	/System/Library/Frameworks/CoreServices.framework/Versions/A/Frameworks/SharedFileList.framework/Versions/A/SharedFileList
0x000000001f47a000 	/System/Library/Frameworks/NetFS.framework/Versions/A/NetFS
0x000000001f47a000 	/System/Library/PrivateFrameworks/NetAuth.framework/Versions/A/NetAuth
0x000000001f47a000 	/System/Library/PrivateFrameworks/login.framework/Versions/A/Frameworks/loginsupport.framework/Versions/A/loginsupport
0x000000001f47a000 	/System/Library/PrivateFrameworks/TCC.framework/Versions/A/TCC
0x000000001f47a000 	/usr/lib/libmecabra.dylib
0x000000001f47a000 	/System/Library/Frameworks/ApplicationServices.framework/Versions/A/Frameworks/ATS.framework/Versions/A/ATS
0x000000001f47a000 	/System/Library/Frameworks/ApplicationServices.framework/Versions/A/Frameworks/ColorSyncLegacy.framework/Versions/A/ColorSyncLegacy
0x000000001f47a000 	/System/Library/Frameworks/ApplicationServices.framework/Versions/A/Frameworks/HIServices.framework/Versions/A/HIServices
0x000000001f47a000 	/System/Library/Frameworks/ApplicationServices.framework/Versions/A/Frameworks/LangAnalysis.framework/Versions/A/LangAnalysis
0x000000001f47a000 	/System/Library/Frameworks/ApplicationServices.framework/Versions/A/Frameworks/PrintCore.framework/Versions/A/PrintCore
0x000000001f47a000 	/System/Library/Frameworks/ApplicationServices.framework/Versions/A/Frameworks/QD.framework/Versions/A/QD
0x000000001f47a000 	/System/Library/Frameworks/ApplicationServices.framework/Versions/A/Frameworks/SpeechSynthesis.framework/Versions/A/SpeechSynthesis
0x000000001f47a000 	/System/Library/Frameworks/CoreDisplay.framework/Versions/A/CoreDisplay
0x000000001f47a000 	/System/Library/Frameworks/Accelerate.framework/Versions/A/Frameworks/vImage.framework/Versions/A/vImage
0x000000001f47a000 	/System/Library/Frameworks/Accelerate.framework/Versions/A/Frameworks/vecLib.framework/Versions/A/vecLib
0x000000001f47a000 	/System/Library/Frameworks/Accelerate.framework/Versions/A/Frameworks/vecLib.framework/Versions/A/libvDSP.dylib
0x000000001f47a000 	/System/Library/Frameworks/Accelerate.framework/Versions/A/Frameworks/vecLib.framework/Versions/A/libBNNS.dylib
0x000000001f47a000 	/System/Library/Frameworks/Accelerate.framework/Versions/A/Frameworks/vecLib.framework/Versions/A/libQuadrature.dylib
0x000000001f47a000 	/System/Library/Frameworks/Accelerate.framework/Versions/A/Frameworks/vecLib.framework/Versions/A/libvMisc.dylib
0x000000001f47a000 	/System/Library/Frameworks/Accelerate.framework/Versions/A/Frameworks/vecLib.framework/Versions/A/libLAPACK.dylib
0x000000001f47a000 	/System/Library/Frameworks/Accelerate.framework/Versions/A/Frameworks/vecLib.framework/Versions/A/libBLAS.dylib
0x000000001f47a000 	/System/Library/Frameworks/Accelerate.framework/Versions/A/Frameworks/vecLib.framework/Versions/A/libLinearAlgebra.dylib
0x000000001f47a000 	/System/Library/Frameworks/Accelerate.framework/Versions/A/Frameworks/vecLib.framework/Versions/A/libSparse.dylib
0x000000001f47a000 	/System/Library/Frameworks/Accelerate.framework/Versions/A/Frameworks/vecLib.framework/Versions/A/libSparseBLAS.dylib
0x000000001f47a000 	/System/Library/PrivateFrameworks/IOAccelerator.framework/Versions/A/IOAccelerator
0x000000001f47a000 	/System/Library/PrivateFrameworks/IOPresentment.framework/Versions/A/IOPresentment
0x000000001f47a000 	/System/Library/PrivateFrameworks/DSExternalDisplay.framework/Versions/A/DSExternalDisplay
0x000000001f47a000 	/System/Library/Frameworks/OpenGL.framework/Versions/A/Libraries/libCoreFSCache.dylib
0x000000001f47a000 	/System/Library/Frameworks/CoreVideo.framework/Versions/A/CoreVideo
0x000000001f47a000 	/System/Library/PrivateFrameworks/GraphVisualizer.framework/Versions/A/GraphVisualizer
0x000000001f47a000 	/System/Library/Frameworks/MetalPerformanceShaders.framework/Versions/A/MetalPerformanceShaders
0x000000001f47a000 	/usr/lib/libFosl_dynamic.dylib
0x000000001f47a000 	/System/Library/PrivateFrameworks/FaceCore.framework/Versions/A/FaceCore
0x000000001f47a000 	/System/Library/Frameworks/OpenCL.framework/Versions/A/OpenCL
0x000000001f47a000 	/usr/lib/libcompression.dylib
0x000000001f47a000 	/System/Library/Frameworks/ApplicationServices.framework/Versions/A/Frameworks/ATS.framework/Versions/A/Resources/libFontParser.dylib
0x000000001f47a000 	/System/Library/Frameworks/ApplicationServices.framework/Versions/A/Frameworks/ATS.framework/Versions/A/Resources/libFontRegistry.dylib
0x000000001f47a000 	/System/Library/Frameworks/ImageIO.framework/Versions/A/Resources/libJPEG.dylib
0x000000001f47a000 	/System/Library/Frameworks/ImageIO.framework/Versions/A/Resources/libTIFF.dylib
0x000000001f47a000 	/System/Library/Frameworks/ImageIO.framework/Versions/A/Resources/libPng.dylib
0x000000001f47a000 	/System/Library/Frameworks/ImageIO.framework/Versions/A/Resources/libGIF.dylib
0x000000001f47a000 	/System/Library/Frameworks/ImageIO.framework/Versions/A/Resources/libJP2.dylib
0x000000001f47a000 	/System/Library/Frameworks/ImageIO.framework/Versions/A/Resources/libRadiance.dylib
0x000000001f47a000 	/System/Library/PrivateFrameworks/AppleJPEG.framework/Versions/A/AppleJPEG
0x000000001f47a000 	/System/Library/PrivateFrameworks/MetalTools.framework/Versions/A/MetalTools
0x000000001f47a000 	/System/Library/Frameworks/MetalPerformanceShaders.framework/Frameworks/MPSCore.framework/Versions/A/MPSCore
0x000000001f47a000 	/System/Library/Frameworks/MetalPerformanceShaders.framework/Frameworks/MPSImage.framework/Versions/A/MPSImage
0x000000001f47a000 	/System/Library/Frameworks/MetalPerformanceShaders.framework/Frameworks/MPSMatrix.framework/Versions/A/MPSMatrix
0x000000001f47a000 	/System/Library/Frameworks/MetalPerformanceShaders.framework/Frameworks/MPSNeuralNetwork.framework/Versions/A/MPSNeuralNetwork
0x000000001f47a000 	/System/Library/Frameworks/OpenGL.framework/Versions/A/Libraries/libGLU.dylib
0x000000001f47a000 	/System/Library/Frameworks/OpenGL.framework/Versions/A/Libraries/libGFXShared.dylib
0x000000001f47a000 	/System/Library/Frameworks/OpenGL.framework/Versions/A/Libraries/libGL.dylib
0x000000001f47a000 	/System/Library/Frameworks/OpenGL.framework/Versions/A/Libraries/libGLImage.dylib
0x000000001f47a000 	/System/Library/Frameworks/OpenGL.framework/Versions/A/Libraries/libCVMSPluginSupport.dylib
0x000000001f47a000 	/System/Library/Frameworks/OpenGL.framework/Versions/A/Libraries/libCoreVMClient.dylib
0x000000001f47a000 	/usr/lib/libcups.2.dylib
0x000000001f47a000 	/System/Library/Frameworks/Kerberos.framework/Versions/A/Kerberos
0x000000001f47a000 	/System/Library/Frameworks/GSS.framework/Versions/A/GSS
0x000000001f47a000 	/usr/lib/libresolv.9.dylib
0x000000001f47a000 	/usr/lib/libiconv.2.dylib
0x000000001f47a000 	/System/Library/PrivateFrameworks/Heimdal.framework/Versions/A/Heimdal
0x000000001f47a000 	/usr/lib/libheimdal-asn1.dylib
0x000000001f47a000 	/System/Library/Frameworks/OpenDirectory.framework/Versions/A/OpenDirectory
0x000000001f47a000 	/System/Library/PrivateFrameworks/CommonAuth.framework/Versions/A/CommonAuth
0x000000001f47a000 	/System/Library/Frameworks/OpenDirectory.framework/Versions/A/Frameworks/CFOpenDirectory.framework/Versions/A/CFOpenDirectory
0x000000001f47a000 	/System/Library/Frameworks/SecurityFoundation.framework/Versions/A/SecurityFoundation
0x000000001f47a000 	/System/Library/PrivateFrameworks/APFS.framework/Versions/A/APFS
0x000000001f47a000 	/usr/lib/libutil.dylib
0x000000001f47a000 	/System/Library/PrivateFrameworks/AppleSauce.framework/Versions/A/AppleSauce
0x000000001f47a000 	/System/Library/PrivateFrameworks/LinguisticData.framework/Versions/A/LinguisticData
0x000000001f47a000 	/usr/lib/libmarisa.dylib
0x000000001f47a000 	/System/Library/PrivateFrameworks/Lexicon.framework/Versions/A/Lexicon
0x000000001f47a000 	/usr/lib/libChineseTokenizer.dylib
0x000000001f47a000 	/usr/lib/libcmph.dylib
0x000000001f47a000 	/System/Library/PrivateFrameworks/LanguageModeling.framework/Versions/A/LanguageModeling
0x000000001f47a000 	/System/Library/PrivateFrameworks/CoreEmoji.framework/Versions/A/CoreEmoji
0x000000001f47a000 	/System/Library/Frameworks/ServiceManagement.framework/Versions/A/ServiceManagement
0x000000001f47a000 	/System/Library/PrivateFrameworks/BackgroundTaskManagement.framework/Versions/A/BackgroundTaskManagement
0x000000001f47a000 	/usr/lib/libxslt.1.dylib
0x000000001f47a000 	/System/Library/Frameworks/Carbon.framework/Versions/A/Frameworks/Ink.framework/Versions/A/Ink
0x000000001f47a000 	/System/Library/PrivateFrameworks/TextureIO.framework/Versions/A/TextureIO
0x000000001f47a000 	/usr/lib/libate.dylib
0x000000001f47a000 	/System/Library/PrivateFrameworks/CrashReporterSupport.framework/Versions/A/CrashReporterSupport
0x000000001f47a000 	/System/Library/PrivateFrameworks/Sharing.framework/Versions/A/Sharing
0x000000001f47a000 	/System/Library/PrivateFrameworks/IconServices.framework/Versions/A/IconServices
0x000000001f47a000 	/System/Library/PrivateFrameworks/ProtocolBuffer.framework/Versions/A/ProtocolBuffer
0x000000001f47a000 	/System/Library/PrivateFrameworks/Apple80211.framework/Versions/A/Apple80211
0x000000001f47a000 	/System/Library/Frameworks/CoreWLAN.framework/Versions/A/CoreWLAN
0x000000001f47a000 	/System/Library/PrivateFrameworks/CoreUtils.framework/Versions/A/CoreUtils
0x000000001f47a000 	/System/Library/Frameworks/IOBluetooth.framework/Versions/A/IOBluetooth
0x000000001f47a000 	/System/Library/PrivateFrameworks/CoreWiFi.framework/Versions/A/CoreWiFi
0x000000001f47a000 	/System/Library/Frameworks/CoreBluetooth.framework/Versions/A/CoreBluetooth
0x000000001f47a000 	/System/Library/PrivateFrameworks/SignpostNotification.framework/Versions/A/SignpostNotification
0x000000001f47a000 	/System/Library/PrivateFrameworks/DebugSymbols.framework/Versions/A/DebugSymbols
0x000000001f47a000 	/System/Library/PrivateFrameworks/CoreSymbolication.framework/Versions/A/CoreSymbolication
0x000000001f47a000 	/System/Library/PrivateFrameworks/Symbolication.framework/Versions/A/Symbolication
0x000000001f47a000 	/System/Library/PrivateFrameworks/AppleFSCompression.framework/Versions/A/AppleFSCompression
0x000000001f47a000 	/System/Library/PrivateFrameworks/SpeechRecognitionCore.framework/Versions/A/SpeechRecognitionCore
0x000000010b800000 	/Library/Java/JavaVirtualMachines/jdk1.8.0_162.jdk/Contents/Home/jre/lib/server/libjvm.dylib
0x000000001f47a000 	/usr/lib/libstdc++.6.0.9.dylib
0x000000010afdb000 	/Library/Java/JavaVirtualMachines/jdk1.8.0_162.jdk/Contents/Home/jre/lib/libverify.dylib
0x000000010c7ae000 	/Library/Java/JavaVirtualMachines/jdk1.8.0_162.jdk/Contents/Home/jre/lib/libjava.dylib
0x000000010c7e4000 	/Library/Java/JavaVirtualMachines/jdk1.8.0_162.jdk/Contents/Home/jre/lib/libinstrument.dylib
0x000000010aff4000 	/Library/Java/JavaVirtualMachines/jdk1.8.0_162.jdk/Contents/Home/jre/lib/libzip.dylib
0x00000001124d8000 	/Library/Java/JavaVirtualMachines/jdk1.8.0_162.jdk/Contents/Home/jre/lib/libnet.dylib
0x0000000112d5d000 	/Library/Java/JavaVirtualMachines/jdk1.8.0_162.jdk/Contents/Home/jre/lib/libmanagement.dylib
0x000000011336b000 	/Library/Java/JavaVirtualMachines/jdk1.8.0_162.jdk/Contents/Home/jre/lib/libnio.dylib

VM Arguments:
jvm_args: -Dendpoints.shutdown.enabled=true -Denv=development -Dfull.stacktrace=false -Dgrails.env=development -Dgrails.full.stacktrace=false -Dinfo.app.grailsVersion=3.3.2 -Dinfo.app.name=GeoLocal.v2 -Dinfo.app.version=0.1 -Djdk.reflect.allowGetCallerClass=true -Drun.active=true -Dspring.output.ansi.enabled=always -Dspringloaded=inclusions=grails.plugins..*;synchronize=true;allowSplitPackages=true;cacheDir=/Users/aruhmling/Documents/Groovy/Projects/GeoLocal.v2/build/springloaded -Dverbose=false -XX:+TieredCompilation -XX:TieredStopAtLevel=1 -XX:CICompilerCount=3 -javaagent:/Users/aruhmling/.gradle/caches/modules-2/files-2.1/org.springframework/springloaded/1.2.8.RELEASE/b60bac05b0451cdc1863bfec617f39aa0dcaaa43/springloaded-1.2.8.RELEASE.jar -Xverify:none -Xms768m -Xmx768m -Dfile.encoding=UTF-8 -Duser.country=AR -Duser.language=es -Duser.variant 
java_command: GeoLocal.Application
java_class_path (initial): /Users/aruhmling/Documents/Groovy/Projects/GeoLocal.v2/src/main/resources:/Users/aruhmling/Documents/Groovy/Projects/GeoLocal.v2/grails-app/views:/Users/aruhmling/Documents/Groovy/Projects/GeoLocal.v2/grails-app/i18n:/Users/aruhmling/Documents/Groovy/Projects/GeoLocal.v2/grails-app/conf:/Users/aruhmling/Documents/Groovy/Projects/GeoLocal.v2/build/classes/main:/Users/aruhmling/Documents/Groovy/Projects/GeoLocal.v2/build/resources/main:/Users/aruhmling/Documents/Groovy/Projects/GeoLocal.v2/gsp-classes:/Users/aruhmling/.gradle/caches/modules-2/files-2.1/org.springframework.boot/spring-boot-starter-logging/1.5.8.RELEASE/ebc00a0e46753d90431fdcc5e3d6b9fd3bf1564a/spring-boot-starter-logging-1.5.8.RELEASE.jar:/Users/aruhmling/.gradle/caches/modules-2/files-2.1/org.springframework.boot/spring-boot-autoconfigure/1.5.8.RELEASE/e4f2efa4c319f4e3613d94fbccfdb5ccda6873e3/spring-boot-autoconfigure-1.5.8.RELEASE.jar:/Users/aruhmling/.gradle/caches/modules-2/files-2.1/org.grails/grails-core/3.3.2/824db64a3117fdc40b2a6bd4b5444e536453e51d/grails-core-3.3.2.jar:/Users/aruhmling/.gradle/caches/modules-2/files-2.1/org.springframework.boot/spring-boot-starter-actuator/1.5.8.RELEASE/927c40a1af518dc240dfdf7aaf0a9673c3a127c5/spring-boot-starter-actuator-1.5.8.RELEASE.jar:/Users/aruhmling/.gradle/caches/modules-2/files-2.1/org.springframework.boot/spring-boot-starter-tomcat/1.5.8.RELEASE/cf3b7eb7e192a60ab1dd09e4f8bce82710a5feb0/spring-boot-starter-tomcat-1.5.8.RELEASE.jar:/Users/aruhmling/.gradle/caches/modules-2/files-2.1/org.grails/grails-web-boot/3.3.2/a0f4cc58704e6551121d0453968f7f834e529b4/grails-web-boot-3.3.2.jar:/Users/aruhmling/.gradle/caches/modules-2/files-2.1/org.grails/grails-logging/3.3.2/4d1eb8335f81f9d0341688230c3d0f133b1e7cd4/grails-logging-3.3.2.jar:/Users/aruhmling/.gradle/caches/modules-2/files-2.1/org.grails/grails-plugin-rest/3.3.2/d748b4fb52d140ecc3edcf8771a2135621993378/grails-plugin-rest-3.3.2.jar:/Users/aruhmling/.gradle/caches/modules-2/f
Launcher Type: SUN_STANDARD

Environment Variables:
PATH=/Users/aruhmling/.sdkman/candidates/grails/current/bin:/usr/local/bin:/usr/bin:/bin:/usr/sbin:/sbin
SHELL=/bin/bash

Signal Handlers:
SIGSEGV: [libjvm.dylib+0x5b52b5], sa_mask[0]=11111111011111110111111111111111, sa_flags=SA_ONSTACK|SA_RESTART|SA_SIGINFO
SIGBUS: [libjvm.dylib+0x5b52b5], sa_mask[0]=11111111011111110111111111111111, sa_flags=SA_RESTART|SA_SIGINFO
SIGFPE: [libjvm.dylib+0x48ac5c], sa_mask[0]=11111111011111110111111111111111, sa_flags=SA_RESTART|SA_SIGINFO
SIGPIPE: [libjvm.dylib+0x48ac5c], sa_mask[0]=11111111011111110111111111111111, sa_flags=SA_RESTART|SA_SIGINFO
SIGXFSZ: [libjvm.dylib+0x48ac5c], sa_mask[0]=11111111011111110111111111111111, sa_flags=SA_RESTART|SA_SIGINFO
SIGILL: [libjvm.dylib+0x48ac5c], sa_mask[0]=11111111011111110111111111111111, sa_flags=SA_RESTART|SA_SIGINFO
SIGUSR1: SIG_DFL, sa_mask[0]=00000000000000000000000000000000, sa_flags=none
SIGUSR2: [libjvm.dylib+0x48a77a], sa_mask[0]=00100000000000000000000000000000, sa_flags=SA_RESTART|SA_SIGINFO
SIGHUP: [libjvm.dylib+0x488d45], sa_mask[0]=11111111011111110111111111111111, sa_flags=SA_RESTART|SA_SIGINFO
SIGINT: [libjvm.dylib+0x488d45], sa_mask[0]=11111111011111110111111111111111, sa_flags=SA_RESTART|SA_SIGINFO
SIGTERM: [libjvm.dylib+0x488d45], sa_mask[0]=11111111011111110111111111111111, sa_flags=SA_RESTART|SA_SIGINFO
SIGQUIT: [libjvm.dylib+0x488d45], sa_mask[0]=11111111011111110111111111111111, sa_flags=SA_RESTART|SA_SIGINFO


---------------  S Y S T E M  ---------------

OS:Bsduname:Darwin 17.3.0 Darwin Kernel Version 17.3.0: Thu Nov  9 18:09:22 PST 2017; root:xnu-4570.31.3~1/RELEASE_X86_64 x86_64
rlimit: STACK 8192k, CORE 0k, NPROC 1418, NOFILE 10240, AS infinity
load average:6.52 4.75 2.28

CPU:total 4 (initial active 4) (2 cores per cpu, 2 threads per core) family 6 model 58 stepping 9, cmov, cx8, fxsr, mmx, sse, sse2, sse3, ssse3, sse4.1, sse4.2, popcnt, avx, aes, clmul, erms, ht, tsc, tscinvbit, tscinv

Memory: 4k page, physical 16777216k(2854692k free)

/proc/meminfo:


vm_info: Java HotSpot(TM) 64-Bit Server VM (25.162-b12) for bsd-amd64 JRE (1.8.0_162-b12), built on Dec 19 2017 17:33:35 by "java_re" with gcc 4.2.1 (Based on Apple Inc. build 5658) (LLVM build 2336.11.00)

time: Mon Mar  5 07:56:01 2018
elapsed time: 34 seconds (0d 0h 0m 34s)

