#
# A fatal error has been detected by the Java Runtime Environment:
#
#  SIGSEGV (0xb) at pc=0x000000010e3f7a61, pid=2477, tid=0x0000000000001e03
#
# JRE version: Java(TM) SE Runtime Environment (8.0_162-b12) (build 1.8.0_162-b12)
# Java VM: Java HotSpot(TM) 64-Bit Server VM (25.162-b12 mixed mode bsd-amd64 compressed oops)
# Problematic frame:
# V  [libjvm.dylib+0x1aaa61]  oopDesc::size()+0x2d
#
# Failed to write core dump. Core dumps have been disabled. To enable core dumping, try "ulimit -c unlimited" before starting Java again
#
# If you would like to submit a bug report, please visit:
#   http://bugreport.java.com/bugreport/crash.jsp
#

---------------  T H R E A D  ---------------

Current thread (0x00007fe874002000):  GCTaskThread [stack: 0x000070000975b000,0x000070000985b000] [id=7683]

siginfo: si_signo: 11 (SIGSEGV), si_code: 1 (SEGV_MAPERR), si_addr: 0x0000000000000008

Registers:
RAX=0x000000010ea90ad0, RBX=0x0000000000000000, RCX=0x0000000000000003, RDX=0x0000000000000001
RSP=0x000070000985abd0, RBP=0x000070000985abd0, RSI=0x000000076f3edc60, RDI=0x0000000000000000
R8 =0x000000010eb44a80, R9 =0x0000000773ca16f8, R10=0x0000000773ca96f8, R11=0x00000000048bc0b0
R12=0x000000010eb3a7a6, R13=0x0000000773ca8cfd, R14=0x00007fe873802fc0, R15=0x00007fe873803058
RIP=0x000000010e3f7a61, EFLAGS=0x0000000000010246, ERR=0x0000000000000004
  TRAPNO=0x000000000000000e

Top of Stack: (sp=0x000070000985abd0)
0x000070000985abd0:   000070000985ac40 000000010e7178b1
0x000070000985abe0:   000070000985ac70 000000076f3edc60
0x000070000985abf0:   0000000773ca16f8 0000000000001000
0x000070000985ac00:   00007fe873501768 0000000000000016
0x000070000985ac10:   0000000000000011 0000000773ca8cfd
0x000070000985ac20:   000000010eb3a7a6 0000000773ca8cfd
0x000070000985ac30:   0000000773ca8cfc 00007fe873803058
0x000070000985ac40:   000070000985ac60 000000010e717dc7
0x000070000985ac50:   00007fe873802fc0 00007fe873803020
0x000070000985ac60:   000070000985acc0 000000010e716de7
0x000070000985ac70:   00000006c02f2c71 00000007c01c9de0
0x000070000985ac80:   0000000773ca8cfd 000000010e6c1fb7
0x000070000985ac90:   00007fe873802fc0 00000006c02f3500
0x000070000985aca0:   000000010d7c179a 00000006c02f3400
0x000070000985acb0:   000000010d7c1801 0000000000000240
0x000070000985acc0:   000070000985ad80 000000010e3a51ce
0x000070000985acd0:   00007fe873413150 0000000000000200
0x000070000985ace0:   fffffffef283b726 0000000000000180
0x000070000985acf0:   000000010d7c48d8 000000010a1c0180
0x000070000985ad00:   000000010d7c48d9 0000000003601600
0x000070000985ad10:   fffffffef283e7ff 00000000036048d9
0x000070000985ad20:   000000010d7c1800 000000010d7c1781
0x000070000985ad30:   00000006c091b168 00000006c0300018
0x000070000985ad40:   00007fe87340fed0 00007fe873802fc0
0x000070000985ad50:   00007fe87340fc60 00007fe87370a100
0x000070000985ad60:   0000000000000000 000000010e865d6b
0x000070000985ad70:   00007fe873802fc0 0000000000000001
0x000070000985ad80:   000070000985adb0 000000010e71a927
0x000070000985ad90:   0000000000000004 00007fe873413150
0x000070000985ada0:   00007fe874002000 00007fe87370a100
0x000070000985adb0:   000070000985ae90 000000010e4c49b3
0x000070000985adc0:   000070000985adf0 00007fe8735009f0 

Instructions: (pc=0x000000010e3f7a61)
0x000000010e3f7a41:   84 d2 48 89 fe 74 15 48 8d 05 81 90 69 00 8a 48
0x000000010e3f7a51:   08 8b 7e 08 48 d3 e7 48 03 38 eb 04 48 8b 7e 08
0x000000010e3f7a61:   8b 47 08 85 c0 7e 09 a8 01 75 4e c1 f8 03 eb 47
0x000000010e3f7a71:   85 c0 7f 43 85 c0 79 41 84 d2 0f 94 c1 0f b6 c9 

Register to memory mapping:

RAX=0x000000010ea90ad0: _ZN8Universe13_narrow_klassE+0 in /Library/Java/JavaVirtualMachines/jdk1.8.0_162.jdk/Contents/Home/jre/lib/server/libjvm.dylib at 0x000000010e24d000
RBX=0x0000000000000000 is an unknown value
RCX=0x0000000000000003 is an unknown value
RDX=0x0000000000000001 is an unknown value
RSP=0x000070000985abd0 is an unknown value
RBP=0x000070000985abd0 is an unknown value
RSI=0x000000076f3edc60 is an unknown value
RDI=0x0000000000000000 is an unknown value
R8 =0x000000010eb44a80: _ZN10PSScavenge26_young_generation_boundaryE+0 in /Library/Java/JavaVirtualMachines/jdk1.8.0_162.jdk/Contents/Home/jre/lib/server/libjvm.dylib at 0x000000010e24d000
R9 =0x0000000773ca16f8 is an oop
org.codehaus.groovy.ast.VariableScope 
 - klass: 'org/codehaus/groovy/ast/VariableScope'
R10=0x0000000773ca96f8 is an oop
org.codehaus.groovy.ast.Parameter 
 - klass: 'org/codehaus/groovy/ast/Parameter'
R11=0x00000000048bc0b0 is an unknown value
R12=0x000000010eb3a7a6: AssumeMP+0 in /Library/Java/JavaVirtualMachines/jdk1.8.0_162.jdk/Contents/Home/jre/lib/server/libjvm.dylib at 0x000000010e24d000
R13=0x0000000773ca8cfd is an unknown value
R14=0x00007fe873802fc0 is an unknown value
R15=0x00007fe873803058 is an unknown value


Stack: [0x000070000975b000,0x000070000985b000],  sp=0x000070000985abd0,  free space=1022k
Native frames: (J=compiled Java code, j=interpreted, Vv=VM code, C=native code)
V  [libjvm.dylib+0x1aaa61]  oopDesc::size()+0x2d
V  [libjvm.dylib+0x4ca8b1]  oopDesc* PSPromotionManager::copy_to_survivor_space<false>(oopDesc*)+0x35
V  [libjvm.dylib+0x4cadc7]  PSPromotionManager::process_popped_location_depth(StarTask)+0x73
V  [libjvm.dylib+0x4c9de7]  PSPromotionManager::drain_stacks_depth(bool)+0x117
V  [libjvm.dylib+0x1581ce]  CardTableExtension::scavenge_contents_parallel(ObjectStartArray*, MutableSpace*, HeapWord*, PSPromotionManager*, unsigned int, unsigned int)+0x380
V  [libjvm.dylib+0x4cd927]  OldToYoungRootsTask::do_it(GCTaskManager*, unsigned int)+0x4b
V  [libjvm.dylib+0x2779b3]  GCTaskThread::run()+0x1a1
V  [libjvm.dylib+0x48d672]  java_start(Thread*)+0xf6
C  [libsystem_pthread.dylib+0x36c1]  _pthread_body+0x154
C  [libsystem_pthread.dylib+0x356d]  _pthread_body+0x0
C  [libsystem_pthread.dylib+0x2c5d]  thread_start+0xd


---------------  P R O C E S S  ---------------

Java Threads: ( => current thread )
  0x00007fe874a98800 JavaThread "/0:0:0:0:0:0:0:1:51519 to /0:0:0:0:0:0:0:1:51518 workers Thread 3" [_thread_in_native, id=16387, stack(0x000070000a688000,0x000070000a788000)]
  0x00007fe8742cb000 JavaThread "/0:0:0:0:0:0:0:1:51519 to /0:0:0:0:0:0:0:1:51518 workers Thread 2" [_thread_blocked, id=16131, stack(0x000070000a585000,0x000070000a685000)]
  0x00007fe8752d3800 JavaThread "/0:0:0:0:0:0:0:1:51519 to /0:0:0:0:0:0:0:1:51518 workers" [_thread_blocked, id=15619, stack(0x000070000a482000,0x000070000a582000)]
  0x00007fe87526b000 JavaThread "Memory manager" [_thread_blocked, id=15363, stack(0x000070000a37f000,0x000070000a47f000)]
  0x00007fe87481b000 JavaThread "Service Thread" daemon [_thread_blocked, id=14851, stack(0x000070000a179000,0x000070000a279000)]
  0x00007fe874806000 JavaThread "C1 CompilerThread2" daemon [_thread_blocked, id=14339, stack(0x000070000a076000,0x000070000a176000)]
  0x00007fe874805800 JavaThread "C2 CompilerThread1" daemon [_thread_in_native, id=18435, stack(0x0000700009f73000,0x000070000a073000)]
  0x00007fe87402d800 JavaThread "C2 CompilerThread0" daemon [_thread_in_native, id=13827, stack(0x0000700009e70000,0x0000700009f70000)]
  0x00007fe874020000 JavaThread "Signal Dispatcher" daemon [_thread_blocked, id=13575, stack(0x0000700009d6d000,0x0000700009e6d000)]
  0x00007fe874803800 JavaThread "Finalizer" daemon [_thread_blocked, id=20483, stack(0x0000700009c6a000,0x0000700009d6a000)]
  0x00007fe87382a800 JavaThread "Reference Handler" daemon [_thread_blocked, id=20739, stack(0x0000700009b67000,0x0000700009c67000)]
  0x00007fe875006000 JavaThread "main" [_thread_blocked, id=9731, stack(0x0000700009555000,0x0000700009655000)]

Other Threads:
  0x00007fe873803800 VMThread [stack: 0x0000700009a64000,0x0000700009b64000] [id=11267]
  0x00007fe87481b800 WatcherThread [stack: 0x000070000a27c000,0x000070000a37c000] [id=15107]

=>0x00007fe874002000 (exited) GCTaskThread [stack: 0x000070000975b000,0x000070000985b000] [id=7683]

VM state:at safepoint (normal execution)

VM Mutex/Monitor currently owned by a thread:  ([mutex/lock_event])
[0x00007fe8737033f0] Threads_lock - owner thread: 0x00007fe873803800
[0x00007fe8737038f0] Heap_lock - owner thread: 0x00007fe8752d3800

Heap:
 PSYoungGen      total 76288K, used 31428K [0x000000076ab00000, 0x0000000774000000, 0x00000007c0000000)
  eden space 65536K, 31% used [0x000000076ab00000,0x000000076bf34be8,0x000000076eb00000)
  from space 10752K, 99% used [0x000000076eb00000,0x000000076f57c610,0x000000076f580000)
  to   space 10752K, 99% used [0x0000000773580000,0x0000000773ffc6b8,0x0000000774000000)
 ParOldGen       total 175104K, used 12303K [0x00000006c0000000, 0x00000006cab00000, 0x000000076ab00000)
  object space 175104K, 7% used [0x00000006c0000000,0x00000006c0c03ef0,0x00000006cab00000)
 Metaspace       used 20659K, capacity 21126K, committed 21248K, reserved 1069056K
  class space    used 2328K, capacity 2477K, committed 2560K, reserved 1048576K

Card table byte_map: [0x000000010d7c0000,0x000000010dfc1000] byte_map_base: 0x000000010a1c0000

Marking Bits: (ParMarkBitMap*) 0x000000010eb446c0
 Begin Bits: [0x000000011e751000, 0x0000000122751000)
 End Bits:   [0x0000000122751000, 0x0000000126751000)

Polling page: 0x000000010cad3000

CodeCache: size=245760Kb used=8024Kb max_used=8037Kb free=237735Kb
 bounds [0x000000010f1fb000, 0x000000010f9db000, 0x000000011e1fb000]
 total_blobs=2826 nmethods=2448 adapters=291
 compilation: enabled

Compilation events (10 events):
Event: 4.349 Thread 0x00007fe874806000 2468       2       org.codehaus.groovy.ast.ClassCodeExpressionTransformer::visitProperty (26 bytes)
Event: 4.349 Thread 0x00007fe874806000 nmethod 2468 0x000000010f9cd110 code [0x000000010f9cd2a0, 0x000000010f9cd4c8]
Event: 4.349 Thread 0x00007fe874806000 2469       2       org.codehaus.groovy.ast.expr.PropertyExpression::<init> (40 bytes)
Event: 4.350 Thread 0x00007fe874806000 nmethod 2469 0x000000010f9ccc90 code [0x000000010f9cce00, 0x000000010f9cd028]
Event: 4.350 Thread 0x00007fe874806000 2471   !   2       org.codehaus.groovy.transform.ASTTransformationCollectorCodeVisitor::loadTransformClass (70 bytes)
Event: 4.351 Thread 0x00007fe874806000 nmethod 2471 0x000000010f9cbed0 code [0x000000010f9cc0c0, 0x000000010f9cc6e8]
Event: 4.353 Thread 0x00007fe874806000 2472       2       java.util.regex.Pattern$5::isSatisfiedBy (28 bytes)
Event: 4.353 Thread 0x00007fe874806000 nmethod 2472 0x000000010f9cbad0 code [0x000000010f9cbc40, 0x000000010f9cbe38]
Event: 4.357 Thread 0x00007fe874806000 2473   !   2       com.sun.proxy.$Proxy23::annotationType (29 bytes)
Event: 4.357 Thread 0x00007fe874806000 nmethod 2473 0x000000010f9cb510 code [0x000000010f9cb6a0, 0x000000010f9cb958]

GC Heap History (7 events):
Event: 1.815 GC heap before
{Heap before GC invocations=1 (full 0):
 PSYoungGen      total 76288K, used 65536K [0x000000076ab00000, 0x0000000770000000, 0x00000007c0000000)
  eden space 65536K, 100% used [0x000000076ab00000,0x000000076eb00000,0x000000076eb00000)
  from space 10752K, 0% used [0x000000076f580000,0x000000076f580000,0x0000000770000000)
  to   space 10752K, 0% used [0x000000076eb00000,0x000000076eb00000,0x000000076f580000)
 ParOldGen       total 175104K, used 0K [0x00000006c0000000, 0x00000006cab00000, 0x000000076ab00000)
  object space 175104K, 0% used [0x00000006c0000000,0x00000006c0000000,0x00000006cab00000)
 Metaspace       used 11908K, capacity 12290K, committed 12416K, reserved 1060864K
  class space    used 1491K, capacity 1615K, committed 1664K, reserved 1048576K
Event: 1.827 GC heap after
Heap after GC invocations=1 (full 0):
 PSYoungGen      total 76288K, used 8189K [0x000000076ab00000, 0x0000000770000000, 0x00000007c0000000)
  eden space 65536K, 0% used [0x000000076ab00000,0x000000076ab00000,0x000000076eb00000)
  from space 10752K, 76% used [0x000000076eb00000,0x000000076f2ff600,0x000000076f580000)
  to   space 10752K, 0% used [0x000000076f580000,0x000000076f580000,0x0000000770000000)
 ParOldGen       total 175104K, used 16K [0x00000006c0000000, 0x00000006cab00000, 0x000000076ab00000)
  object space 175104K, 0% used [0x00000006c0000000,0x00000006c0004000,0x00000006cab00000)
 Metaspace       used 11908K, capacity 12290K, committed 12416K, reserved 1060864K
  class space    used 1491K, capacity 1615K, committed 1664K, reserved 1048576K
}
Event: 3.059 GC heap before
{Heap before GC invocations=2 (full 0):
 PSYoungGen      total 76288K, used 73725K [0x000000076ab00000, 0x0000000770000000, 0x00000007c0000000)
  eden space 65536K, 100% used [0x000000076ab00000,0x000000076eb00000,0x000000076eb00000)
  from space 10752K, 76% used [0x000000076eb00000,0x000000076f2ff600,0x000000076f580000)
  to   space 10752K, 0% used [0x000000076f580000,0x000000076f580000,0x0000000770000000)
 ParOldGen       total 175104K, used 16K [0x00000006c0000000, 0x00000006cab00000, 0x000000076ab00000)
  object space 175104K, 0% used [0x00000006c0000000,0x00000006c0004000,0x00000006cab00000)
 Metaspace       used 17518K, capacity 17990K, committed 18048K, reserved 1064960K
  class space    used 2065K, capacity 2171K, committed 2176K, reserved 1048576K
Event: 3.074 GC heap after
Heap after GC invocations=2 (full 0):
 PSYoungGen      total 76288K, used 10723K [0x000000076ab00000, 0x0000000770000000, 0x00000007c0000000)
  eden space 65536K, 0% used [0x000000076ab00000,0x000000076ab00000,0x000000076eb00000)
  from space 10752K, 99% used [0x000000076f580000,0x000000076fff8c68,0x0000000770000000)
  to   space 10752K, 0% used [0x000000076eb00000,0x000000076eb00000,0x000000076f580000)
 ParOldGen       total 175104K, used 1184K [0x00000006c0000000, 0x00000006cab00000, 0x000000076ab00000)
  object space 175104K, 0% used [0x00000006c0000000,0x00000006c0128160,0x00000006cab00000)
 Metaspace       used 17518K, capacity 17990K, committed 18048K, reserved 1064960K
  class space    used 2065K, capacity 2171K, committed 2176K, reserved 1048576K
}
Event: 4.199 GC heap before
{Heap before GC invocations=3 (full 0):
 PSYoungGen      total 76288K, used 76219K [0x000000076ab00000, 0x0000000770000000, 0x00000007c0000000)
  eden space 65536K, 99% used [0x000000076ab00000,0x000000076eaf6230,0x000000076eb00000)
  from space 10752K, 99% used [0x000000076f580000,0x000000076fff8c68,0x0000000770000000)
  to   space 10752K, 0% used [0x000000076eb00000,0x000000076eb00000,0x000000076f580000)
 ParOldGen       total 175104K, used 1184K [0x00000006c0000000, 0x00000006cab00000, 0x000000076ab00000)
  object space 175104K, 0% used [0x00000006c0000000,0x00000006c0128160,0x00000006cab00000)
 Metaspace       used 19896K, capacity 20384K, committed 20736K, reserved 1067008K
  class space    used 2304K, capacity 2444K, committed 2560K, reserved 1048576K
Event: 4.223 GC heap after
Heap after GC invocations=3 (full 0):
 PSYoungGen      total 76288K, used 10737K [0x000000076ab00000, 0x0000000774000000, 0x00000007c0000000)
  eden space 65536K, 0% used [0x000000076ab00000,0x000000076ab00000,0x000000076eb00000)
  from space 10752K, 99% used [0x000000076eb00000,0x000000076f57c610,0x000000076f580000)
  to   space 10752K, 0% used [0x0000000773580000,0x0000000773580000,0x0000000774000000)
 ParOldGen       total 175104K, used 9324K [0x00000006c0000000, 0x00000006cab00000, 0x000000076ab00000)
  object space 175104K, 5% used [0x00000006c0000000,0x00000006c091b168,0x00000006cab00000)
 Metaspace       used 19896K, capacity 20384K, committed 20736K, reserved 1067008K
  class space    used 2304K, capacity 2444K, committed 2560K, reserved 1048576K
}
Event: 4.378 GC heap before
{Heap before GC invocations=4 (full 0):
 PSYoungGen      total 76288K, used 31428K [0x000000076ab00000, 0x0000000774000000, 0x00000007c0000000)
  eden space 65536K, 31% used [0x000000076ab00000,0x000000076bf34be8,0x000000076eb00000)
  from space 10752K, 99% used [0x000000076eb00000,0x000000076f57c610,0x000000076f580000)
  to   space 10752K, 0% used [0x0000000773580000,0x0000000773580000,0x0000000774000000)
 ParOldGen       total 175104K, used 9324K [0x00000006c0000000, 0x00000006cab00000, 0x000000076ab00000)
  object space 175104K, 5% used [0x00000006c0000000,0x00000006c091b168,0x00000006cab00000)
 Metaspace       used 20659K, capacity 21126K, committed 21248K, reserved 1069056K
  class space    used 2328K, capacity 2477K, committed 2560K, reserved 1048576K

Deoptimization events (10 events):
Event: 3.693 Thread 0x00007fe8752d3800 Uncommon trap: reason=bimorphic action=maybe_recompile pc=0x000000010f88f4d4 method=java.util.regex.Pattern$BmpCharProperty.match(Ljava/util/regex/Matcher;ILjava/lang/CharSequence;)Z @ 16
Event: 3.693 Thread 0x00007fe8752d3800 Uncommon trap: reason=class_check action=maybe_recompile pc=0x000000010f782d10 method=java.util.regex.Pattern$CharProperty.match(Ljava/util/regex/Matcher;ILjava/lang/CharSequence;)Z @ 37
Event: 3.693 Thread 0x00007fe8752d3800 Uncommon trap: reason=class_check action=maybe_recompile pc=0x000000010f782d10 method=java.util.regex.Pattern$CharProperty.match(Ljava/util/regex/Matcher;ILjava/lang/CharSequence;)Z @ 37
Event: 3.695 Thread 0x00007fe8752d3800 Uncommon trap: reason=class_check action=maybe_recompile pc=0x000000010f782d10 method=java.util.regex.Pattern$CharProperty.match(Ljava/util/regex/Matcher;ILjava/lang/CharSequence;)Z @ 37
Event: 3.695 Thread 0x00007fe8752d3800 Uncommon trap: reason=class_check action=maybe_recompile pc=0x000000010f782d10 method=java.util.regex.Pattern$CharProperty.match(Ljava/util/regex/Matcher;ILjava/lang/CharSequence;)Z @ 37
Event: 4.055 Thread 0x00007fe8752d3800 Uncommon trap: reason=class_check action=maybe_recompile pc=0x000000010f97ba6c method=java.lang.reflect.Array.newInstance(Ljava/lang/Class;I)Ljava/lang/Object; @ 2
Event: 4.055 Thread 0x00007fe8752d3800 Uncommon trap: reason=class_check action=maybe_recompile pc=0x000000010f97ba6c method=java.lang.reflect.Array.newInstance(Ljava/lang/Class;I)Ljava/lang/Object; @ 2
Event: 4.055 Thread 0x00007fe8752d3800 Uncommon trap: reason=class_check action=maybe_recompile pc=0x000000010f97ba6c method=java.lang.reflect.Array.newInstance(Ljava/lang/Class;I)Ljava/lang/Object; @ 2
Event: 4.055 Thread 0x00007fe8752d3800 Uncommon trap: reason=class_check action=maybe_recompile pc=0x000000010f97ba6c method=java.lang.reflect.Array.newInstance(Ljava/lang/Class;I)Ljava/lang/Object; @ 2
Event: 4.193 Thread 0x00007fe8752d3800 Uncommon trap: reason=unstable_if action=reinterpret pc=0x000000010f816d38 method=java.util.jar.Manifest$FastInputStream.readLine([BII)I @ 87

Classes redefined (0 events):
No events

Internal exceptions (10 events):
Event: 3.540 Thread 0x00007fe8752d3800 Exception <a 'java/lang/ClassNotFoundException': grails/web/databinding/WebDataBindingBeanInfo> (0x000000076c194338) thrown at [/Users/java_re/workspace/8-2-build-macosx-x86_64/jdk8u162/10278/hotspot/src/share/vm/classfile/systemDictionary.cpp, line 210]
Event: 3.546 Thread 0x00007fe8752d3800 Exception <a 'java/lang/ClassNotFoundException': grails/web/databinding/WebDataBindingCustomizer> (0x000000076c1c0080) thrown at [/Users/java_re/workspace/8-2-build-macosx-x86_64/jdk8u162/10278/hotspot/src/share/vm/classfile/systemDictionary.cpp, line 210
Event: 3.555 Thread 0x00007fe8752d3800 Exception <a 'java/lang/ClassNotFoundException': grails/artefact/DomainClassBeanInfo> (0x000000076c1f6e60) thrown at [/Users/java_re/workspace/8-2-build-macosx-x86_64/jdk8u162/10278/hotspot/src/share/vm/classfile/systemDictionary.cpp, line 210]
Event: 3.556 Thread 0x00007fe8752d3800 Exception <a 'java/lang/ClassNotFoundException': grails/artefact/DomainClassCustomizer> (0x000000076c21ca98) thrown at [/Users/java_re/workspace/8-2-build-macosx-x86_64/jdk8u162/10278/hotspot/src/share/vm/classfile/systemDictionary.cpp, line 210]
Event: 3.576 Thread 0x00007fe8752d3800 Exception <a 'java/lang/ClassNotFoundException': grails/artefact/TagLibraryBeanInfo> (0x000000076c2aaff0) thrown at [/Users/java_re/workspace/8-2-build-macosx-x86_64/jdk8u162/10278/hotspot/src/share/vm/classfile/systemDictionary.cpp, line 210]
Event: 3.577 Thread 0x00007fe8752d3800 Exception <a 'java/lang/ClassNotFoundException': grails/artefact/TagLibraryCustomizer> (0x000000076c2d0258) thrown at [/Users/java_re/workspace/8-2-build-macosx-x86_64/jdk8u162/10278/hotspot/src/share/vm/classfile/systemDictionary.cpp, line 210]
Event: 3.906 Thread 0x00007fe8752d3800 Exception <a 'java/lang/ClassNotFoundException': org/grails/compiler/gorm/GormEntityTransformationBeanInfo> (0x000000076cda2fc8) thrown at [/Users/java_re/workspace/8-2-build-macosx-x86_64/jdk8u162/10278/hotspot/src/share/vm/classfile/systemDictionary.cpp
Event: 3.907 Thread 0x00007fe8752d3800 Exception <a 'java/lang/ClassNotFoundException': org/grails/compiler/gorm/GormEntityTransformationCustomizer> (0x000000076cdd6198) thrown at [/Users/java_re/workspace/8-2-build-macosx-x86_64/jdk8u162/10278/hotspot/src/share/vm/classfile/systemDictionary.c
Event: 3.940 Thread 0x00007fe8752d3800 Exception <a 'java/lang/ClassNotFoundException': org/grails/compiler/gorm/DirtyCheckingTransformerBeanInfo> (0x000000076cfb6368) thrown at [/Users/java_re/workspace/8-2-build-macosx-x86_64/jdk8u162/10278/hotspot/src/share/vm/classfile/systemDictionary.cpp
Event: 3.941 Thread 0x00007fe8752d3800 Exception <a 'java/lang/ClassNotFoundException': org/grails/compiler/gorm/DirtyCheckingTransformerCustomizer> (0x000000076cfe9470) thrown at [/Users/java_re/workspace/8-2-build-macosx-x86_64/jdk8u162/10278/hotspot/src/share/vm/classfile/systemDictionary.c

Events (10 events):
Event: 4.325 loading class grails/gorm/Entity$Trait$FieldHelper done
Event: 4.326 loading class grails/web/databinding/WebDataBinding$Trait$FieldHelper
Event: 4.326 loading class grails/web/databinding/WebDataBinding$Trait$FieldHelper done
Event: 4.328 loading class grails/artefact/DomainClass$Trait$FieldHelper
Event: 4.328 loading class grails/artefact/DomainClass$Trait$FieldHelper done
Event: 4.329 loading class org/grails/datastore/gorm/GormEntity$Trait$FieldHelper
Event: 4.329 loading class org/grails/datastore/gorm/GormEntity$Trait$FieldHelper done
Event: 4.360 loading class org/codehaus/groovy/runtime/ArrayUtil
Event: 4.360 loading class org/codehaus/groovy/runtime/ArrayUtil done
Event: 4.378 Executing VM operation: CollectForMetadataAllocation


Dynamic libraries:
0x0000000002a1b000 	/System/Library/Frameworks/Cocoa.framework/Versions/A/Cocoa
0x0000000002a1b000 	/System/Library/Frameworks/Security.framework/Versions/A/Security
0x0000000002a1b000 	/System/Library/Frameworks/ApplicationServices.framework/Versions/A/ApplicationServices
0x0000000002a1b000 	/usr/lib/libz.1.dylib
0x0000000002a1b000 	/usr/lib/libSystem.B.dylib
0x0000000002a1b000 	/usr/lib/libobjc.A.dylib
0x0000000002a1b000 	/System/Library/Frameworks/CoreFoundation.framework/Versions/A/CoreFoundation
0x0000000002a1b000 	/System/Library/Frameworks/Foundation.framework/Versions/C/Foundation
0x0000000002a1b000 	/System/Library/Frameworks/AppKit.framework/Versions/C/AppKit
0x0000000002a1b000 	/System/Library/Frameworks/CoreData.framework/Versions/A/CoreData
0x0000000002a1b000 	/System/Library/PrivateFrameworks/RemoteViewServices.framework/Versions/A/RemoteViewServices
0x0000000002a1b000 	/System/Library/PrivateFrameworks/UIFoundation.framework/Versions/A/UIFoundation
0x0000000002a1b000 	/System/Library/PrivateFrameworks/DFRFoundation.framework/Versions/A/DFRFoundation
0x0000000002a1b000 	/System/Library/Frameworks/Metal.framework/Versions/A/Metal
0x0000000002a1b000 	/System/Library/PrivateFrameworks/DesktopServicesPriv.framework/Versions/A/DesktopServicesPriv
0x0000000002a1b000 	/usr/lib/libenergytrace.dylib
0x0000000002a1b000 	/System/Library/PrivateFrameworks/SkyLight.framework/Versions/A/SkyLight
0x0000000002a1b000 	/System/Library/Frameworks/CoreGraphics.framework/Versions/A/CoreGraphics
0x0000000002a1b000 	/usr/lib/libScreenReader.dylib
0x0000000002a1b000 	/System/Library/Frameworks/Accelerate.framework/Versions/A/Accelerate
0x0000000002a1b000 	/System/Library/Frameworks/IOSurface.framework/Versions/A/IOSurface
0x0000000002a1b000 	/System/Library/Frameworks/AudioToolbox.framework/Versions/A/AudioToolbox
0x0000000002a1b000 	/System/Library/Frameworks/AudioUnit.framework/Versions/A/AudioUnit
0x0000000002a1b000 	/System/Library/PrivateFrameworks/DataDetectorsCore.framework/Versions/A/DataDetectorsCore
0x0000000002a1b000 	/System/Library/Frameworks/Carbon.framework/Versions/A/Frameworks/HIToolbox.framework/Versions/A/HIToolbox
0x0000000002a1b000 	/usr/lib/libicucore.A.dylib
0x0000000002a1b000 	/System/Library/Frameworks/QuartzCore.framework/Versions/A/QuartzCore
0x0000000002a1b000 	/System/Library/Frameworks/Carbon.framework/Versions/A/Frameworks/SpeechRecognition.framework/Versions/A/SpeechRecognition
0x0000000002a1b000 	/usr/lib/libauto.dylib
0x0000000002a1b000 	/usr/lib/libxml2.2.dylib
0x0000000002a1b000 	/System/Library/PrivateFrameworks/CoreUI.framework/Versions/A/CoreUI
0x0000000002a1b000 	/System/Library/Frameworks/CoreAudio.framework/Versions/A/CoreAudio
0x0000000002a1b000 	/System/Library/Frameworks/DiskArbitration.framework/Versions/A/DiskArbitration
0x0000000002a1b000 	/usr/lib/liblangid.dylib
0x0000000002a1b000 	/System/Library/PrivateFrameworks/MultitouchSupport.framework/Versions/A/MultitouchSupport
0x0000000002a1b000 	/System/Library/Frameworks/IOKit.framework/Versions/A/IOKit
0x0000000002a1b000 	/usr/lib/libDiagnosticMessagesClient.dylib
0x0000000002a1b000 	/System/Library/Frameworks/CoreServices.framework/Versions/A/CoreServices
0x0000000002a1b000 	/System/Library/PrivateFrameworks/PerformanceAnalysis.framework/Versions/A/PerformanceAnalysis
0x0000000002a1b000 	/System/Library/Frameworks/OpenGL.framework/Versions/A/OpenGL
0x0000000002a1b000 	/System/Library/Frameworks/ColorSync.framework/Versions/A/ColorSync
0x0000000002a1b000 	/System/Library/Frameworks/CoreImage.framework/Versions/A/CoreImage
0x0000000002a1b000 	/System/Library/Frameworks/CoreText.framework/Versions/A/CoreText
0x0000000002a1b000 	/System/Library/Frameworks/ImageIO.framework/Versions/A/ImageIO
0x0000000002a1b000 	/System/Library/PrivateFrameworks/Backup.framework/Versions/A/Backup
0x0000000002a1b000 	/usr/lib/libarchive.2.dylib
0x0000000002a1b000 	/System/Library/Frameworks/CFNetwork.framework/Versions/A/CFNetwork
0x0000000002a1b000 	/System/Library/Frameworks/SystemConfiguration.framework/Versions/A/SystemConfiguration
0x0000000002a1b000 	/usr/lib/libCRFSuite.dylib
0x0000000002a1b000 	/usr/lib/libc++.1.dylib
0x0000000002a1b000 	/usr/lib/libc++abi.dylib
0x0000000002a1b000 	/usr/lib/system/libcache.dylib
0x0000000002a1b000 	/usr/lib/system/libcommonCrypto.dylib
0x0000000002a1b000 	/usr/lib/system/libcompiler_rt.dylib
0x0000000002a1b000 	/usr/lib/system/libcopyfile.dylib
0x0000000002a1b000 	/usr/lib/system/libcorecrypto.dylib
0x0000000002a1b000 	/usr/lib/system/libdispatch.dylib
0x0000000002a1b000 	/usr/lib/system/libdyld.dylib
0x0000000002a1b000 	/usr/lib/system/libkeymgr.dylib
0x0000000002a1b000 	/usr/lib/system/liblaunch.dylib
0x0000000002a1b000 	/usr/lib/system/libmacho.dylib
0x0000000002a1b000 	/usr/lib/system/libquarantine.dylib
0x0000000002a1b000 	/usr/lib/system/libremovefile.dylib
0x0000000002a1b000 	/usr/lib/system/libsystem_asl.dylib
0x0000000002a1b000 	/usr/lib/system/libsystem_blocks.dylib
0x0000000002a1b000 	/usr/lib/system/libsystem_c.dylib
0x0000000002a1b000 	/usr/lib/system/libsystem_configuration.dylib
0x0000000002a1b000 	/usr/lib/system/libsystem_coreservices.dylib
0x0000000002a1b000 	/usr/lib/system/libsystem_darwin.dylib
0x0000000002a1b000 	/usr/lib/system/libsystem_dnssd.dylib
0x0000000002a1b000 	/usr/lib/system/libsystem_info.dylib
0x0000000002a1b000 	/usr/lib/system/libsystem_m.dylib
0x0000000002a1b000 	/usr/lib/system/libsystem_malloc.dylib
0x0000000002a1b000 	/usr/lib/system/libsystem_network.dylib
0x0000000002a1b000 	/usr/lib/system/libsystem_networkextension.dylib
0x0000000002a1b000 	/usr/lib/system/libsystem_notify.dylib
0x0000000002a1b000 	/usr/lib/system/libsystem_sandbox.dylib
0x0000000002a1b000 	/usr/lib/system/libsystem_secinit.dylib
0x0000000002a1b000 	/usr/lib/system/libsystem_kernel.dylib
0x0000000002a1b000 	/usr/lib/system/libsystem_platform.dylib
0x0000000002a1b000 	/usr/lib/system/libsystem_pthread.dylib
0x0000000002a1b000 	/usr/lib/system/libsystem_symptoms.dylib
0x0000000002a1b000 	/usr/lib/system/libsystem_trace.dylib
0x0000000002a1b000 	/usr/lib/system/libunwind.dylib
0x0000000002a1b000 	/usr/lib/system/libxpc.dylib
0x0000000002a1b000 	/usr/lib/closure/libclosured.dylib
0x0000000002a1b000 	/usr/lib/libbsm.0.dylib
0x0000000002a1b000 	/usr/lib/system/libkxld.dylib
0x0000000002a1b000 	/usr/lib/libOpenScriptingUtil.dylib
0x0000000002a1b000 	/usr/lib/libcoretls.dylib
0x0000000002a1b000 	/usr/lib/libcoretls_cfhelpers.dylib
0x0000000002a1b000 	/usr/lib/libpam.2.dylib
0x0000000002a1b000 	/usr/lib/libsqlite3.dylib
0x0000000002a1b000 	/usr/lib/libxar.1.dylib
0x0000000002a1b000 	/usr/lib/libbz2.1.0.dylib
0x0000000002a1b000 	/usr/lib/liblzma.5.dylib
0x0000000002a1b000 	/usr/lib/libnetwork.dylib
0x0000000002a1b000 	/usr/lib/libapple_nghttp2.dylib
0x0000000002a1b000 	/usr/lib/libpcap.A.dylib
0x0000000002a1b000 	/usr/lib/libboringssl.dylib
0x0000000002a1b000 	/usr/lib/libusrtcp.dylib
0x0000000002a1b000 	/usr/lib/libapple_crypto.dylib
0x0000000002a1b000 	/System/Library/Frameworks/CoreServices.framework/Versions/A/Frameworks/FSEvents.framework/Versions/A/FSEvents
0x0000000002a1b000 	/System/Library/Frameworks/CoreServices.framework/Versions/A/Frameworks/CarbonCore.framework/Versions/A/CarbonCore
0x0000000002a1b000 	/System/Library/Frameworks/CoreServices.framework/Versions/A/Frameworks/Metadata.framework/Versions/A/Metadata
0x0000000002a1b000 	/System/Library/Frameworks/CoreServices.framework/Versions/A/Frameworks/OSServices.framework/Versions/A/OSServices
0x0000000002a1b000 	/System/Library/Frameworks/CoreServices.framework/Versions/A/Frameworks/SearchKit.framework/Versions/A/SearchKit
0x0000000002a1b000 	/System/Library/Frameworks/CoreServices.framework/Versions/A/Frameworks/AE.framework/Versions/A/AE
0x0000000002a1b000 	/System/Library/Frameworks/CoreServices.framework/Versions/A/Frameworks/LaunchServices.framework/Versions/A/LaunchServices
0x0000000002a1b000 	/System/Library/Frameworks/CoreServices.framework/Versions/A/Frameworks/DictionaryServices.framework/Versions/A/DictionaryServices
0x0000000002a1b000 	/System/Library/Frameworks/CoreServices.framework/Versions/A/Frameworks/SharedFileList.framework/Versions/A/SharedFileList
0x0000000002a1b000 	/System/Library/Frameworks/NetFS.framework/Versions/A/NetFS
0x0000000002a1b000 	/System/Library/PrivateFrameworks/NetAuth.framework/Versions/A/NetAuth
0x0000000002a1b000 	/System/Library/PrivateFrameworks/login.framework/Versions/A/Frameworks/loginsupport.framework/Versions/A/loginsupport
0x0000000002a1b000 	/System/Library/PrivateFrameworks/TCC.framework/Versions/A/TCC
0x0000000002a1b000 	/usr/lib/libmecabra.dylib
0x0000000002a1b000 	/System/Library/Frameworks/ApplicationServices.framework/Versions/A/Frameworks/ATS.framework/Versions/A/ATS
0x0000000002a1b000 	/System/Library/Frameworks/ApplicationServices.framework/Versions/A/Frameworks/ColorSyncLegacy.framework/Versions/A/ColorSyncLegacy
0x0000000002a1b000 	/System/Library/Frameworks/ApplicationServices.framework/Versions/A/Frameworks/HIServices.framework/Versions/A/HIServices
0x0000000002a1b000 	/System/Library/Frameworks/ApplicationServices.framework/Versions/A/Frameworks/LangAnalysis.framework/Versions/A/LangAnalysis
0x0000000002a1b000 	/System/Library/Frameworks/ApplicationServices.framework/Versions/A/Frameworks/PrintCore.framework/Versions/A/PrintCore
0x0000000002a1b000 	/System/Library/Frameworks/ApplicationServices.framework/Versions/A/Frameworks/QD.framework/Versions/A/QD
0x0000000002a1b000 	/System/Library/Frameworks/ApplicationServices.framework/Versions/A/Frameworks/SpeechSynthesis.framework/Versions/A/SpeechSynthesis
0x0000000002a1b000 	/System/Library/Frameworks/CoreDisplay.framework/Versions/A/CoreDisplay
0x0000000002a1b000 	/System/Library/Frameworks/Accelerate.framework/Versions/A/Frameworks/vImage.framework/Versions/A/vImage
0x0000000002a1b000 	/System/Library/Frameworks/Accelerate.framework/Versions/A/Frameworks/vecLib.framework/Versions/A/vecLib
0x0000000002a1b000 	/System/Library/Frameworks/Accelerate.framework/Versions/A/Frameworks/vecLib.framework/Versions/A/libvDSP.dylib
0x0000000002a1b000 	/System/Library/Frameworks/Accelerate.framework/Versions/A/Frameworks/vecLib.framework/Versions/A/libBNNS.dylib
0x0000000002a1b000 	/System/Library/Frameworks/Accelerate.framework/Versions/A/Frameworks/vecLib.framework/Versions/A/libQuadrature.dylib
0x0000000002a1b000 	/System/Library/Frameworks/Accelerate.framework/Versions/A/Frameworks/vecLib.framework/Versions/A/libvMisc.dylib
0x0000000002a1b000 	/System/Library/Frameworks/Accelerate.framework/Versions/A/Frameworks/vecLib.framework/Versions/A/libLAPACK.dylib
0x0000000002a1b000 	/System/Library/Frameworks/Accelerate.framework/Versions/A/Frameworks/vecLib.framework/Versions/A/libBLAS.dylib
0x0000000002a1b000 	/System/Library/Frameworks/Accelerate.framework/Versions/A/Frameworks/vecLib.framework/Versions/A/libLinearAlgebra.dylib
0x0000000002a1b000 	/System/Library/Frameworks/Accelerate.framework/Versions/A/Frameworks/vecLib.framework/Versions/A/libSparse.dylib
0x0000000002a1b000 	/System/Library/Frameworks/Accelerate.framework/Versions/A/Frameworks/vecLib.framework/Versions/A/libSparseBLAS.dylib
0x0000000002a1b000 	/System/Library/PrivateFrameworks/IOAccelerator.framework/Versions/A/IOAccelerator
0x0000000002a1b000 	/System/Library/PrivateFrameworks/IOPresentment.framework/Versions/A/IOPresentment
0x0000000002a1b000 	/System/Library/PrivateFrameworks/DSExternalDisplay.framework/Versions/A/DSExternalDisplay
0x0000000002a1b000 	/System/Library/Frameworks/OpenGL.framework/Versions/A/Libraries/libCoreFSCache.dylib
0x0000000002a1b000 	/System/Library/Frameworks/CoreVideo.framework/Versions/A/CoreVideo
0x0000000002a1b000 	/System/Library/PrivateFrameworks/GraphVisualizer.framework/Versions/A/GraphVisualizer
0x0000000002a1b000 	/System/Library/Frameworks/MetalPerformanceShaders.framework/Versions/A/MetalPerformanceShaders
0x0000000002a1b000 	/usr/lib/libFosl_dynamic.dylib
0x0000000002a1b000 	/System/Library/PrivateFrameworks/FaceCore.framework/Versions/A/FaceCore
0x0000000002a1b000 	/System/Library/Frameworks/OpenCL.framework/Versions/A/OpenCL
0x0000000002a1b000 	/usr/lib/libcompression.dylib
0x0000000002a1b000 	/System/Library/Frameworks/ApplicationServices.framework/Versions/A/Frameworks/ATS.framework/Versions/A/Resources/libFontParser.dylib
0x0000000002a1b000 	/System/Library/Frameworks/ApplicationServices.framework/Versions/A/Frameworks/ATS.framework/Versions/A/Resources/libFontRegistry.dylib
0x0000000002a1b000 	/System/Library/Frameworks/ImageIO.framework/Versions/A/Resources/libJPEG.dylib
0x0000000002a1b000 	/System/Library/Frameworks/ImageIO.framework/Versions/A/Resources/libTIFF.dylib
0x0000000002a1b000 	/System/Library/Frameworks/ImageIO.framework/Versions/A/Resources/libPng.dylib
0x0000000002a1b000 	/System/Library/Frameworks/ImageIO.framework/Versions/A/Resources/libGIF.dylib
0x0000000002a1b000 	/System/Library/Frameworks/ImageIO.framework/Versions/A/Resources/libJP2.dylib
0x0000000002a1b000 	/System/Library/Frameworks/ImageIO.framework/Versions/A/Resources/libRadiance.dylib
0x0000000002a1b000 	/System/Library/PrivateFrameworks/AppleJPEG.framework/Versions/A/AppleJPEG
0x0000000002a1b000 	/System/Library/PrivateFrameworks/MetalTools.framework/Versions/A/MetalTools
0x0000000002a1b000 	/System/Library/Frameworks/MetalPerformanceShaders.framework/Frameworks/MPSCore.framework/Versions/A/MPSCore
0x0000000002a1b000 	/System/Library/Frameworks/MetalPerformanceShaders.framework/Frameworks/MPSImage.framework/Versions/A/MPSImage
0x0000000002a1b000 	/System/Library/Frameworks/MetalPerformanceShaders.framework/Frameworks/MPSMatrix.framework/Versions/A/MPSMatrix
0x0000000002a1b000 	/System/Library/Frameworks/MetalPerformanceShaders.framework/Frameworks/MPSNeuralNetwork.framework/Versions/A/MPSNeuralNetwork
0x0000000002a1b000 	/System/Library/Frameworks/OpenGL.framework/Versions/A/Libraries/libGLU.dylib
0x0000000002a1b000 	/System/Library/Frameworks/OpenGL.framework/Versions/A/Libraries/libGFXShared.dylib
0x0000000002a1b000 	/System/Library/Frameworks/OpenGL.framework/Versions/A/Libraries/libGL.dylib
0x0000000002a1b000 	/System/Library/Frameworks/OpenGL.framework/Versions/A/Libraries/libGLImage.dylib
0x0000000002a1b000 	/System/Library/Frameworks/OpenGL.framework/Versions/A/Libraries/libCVMSPluginSupport.dylib
0x0000000002a1b000 	/System/Library/Frameworks/OpenGL.framework/Versions/A/Libraries/libCoreVMClient.dylib
0x0000000002a1b000 	/usr/lib/libcups.2.dylib
0x0000000002a1b000 	/System/Library/Frameworks/Kerberos.framework/Versions/A/Kerberos
0x0000000002a1b000 	/System/Library/Frameworks/GSS.framework/Versions/A/GSS
0x0000000002a1b000 	/usr/lib/libresolv.9.dylib
0x0000000002a1b000 	/usr/lib/libiconv.2.dylib
0x0000000002a1b000 	/System/Library/PrivateFrameworks/Heimdal.framework/Versions/A/Heimdal
0x0000000002a1b000 	/usr/lib/libheimdal-asn1.dylib
0x0000000002a1b000 	/System/Library/Frameworks/OpenDirectory.framework/Versions/A/OpenDirectory
0x0000000002a1b000 	/System/Library/PrivateFrameworks/CommonAuth.framework/Versions/A/CommonAuth
0x0000000002a1b000 	/System/Library/Frameworks/OpenDirectory.framework/Versions/A/Frameworks/CFOpenDirectory.framework/Versions/A/CFOpenDirectory
0x0000000002a1b000 	/System/Library/Frameworks/SecurityFoundation.framework/Versions/A/SecurityFoundation
0x0000000002a1b000 	/System/Library/PrivateFrameworks/APFS.framework/Versions/A/APFS
0x0000000002a1b000 	/usr/lib/libutil.dylib
0x0000000002a1b000 	/System/Library/PrivateFrameworks/AppleSauce.framework/Versions/A/AppleSauce
0x0000000002a1b000 	/System/Library/PrivateFrameworks/LinguisticData.framework/Versions/A/LinguisticData
0x0000000002a1b000 	/usr/lib/libmarisa.dylib
0x0000000002a1b000 	/System/Library/PrivateFrameworks/Lexicon.framework/Versions/A/Lexicon
0x0000000002a1b000 	/usr/lib/libChineseTokenizer.dylib
0x0000000002a1b000 	/usr/lib/libcmph.dylib
0x0000000002a1b000 	/System/Library/PrivateFrameworks/LanguageModeling.framework/Versions/A/LanguageModeling
0x0000000002a1b000 	/System/Library/PrivateFrameworks/CoreEmoji.framework/Versions/A/CoreEmoji
0x0000000002a1b000 	/System/Library/Frameworks/ServiceManagement.framework/Versions/A/ServiceManagement
0x0000000002a1b000 	/System/Library/PrivateFrameworks/BackgroundTaskManagement.framework/Versions/A/BackgroundTaskManagement
0x0000000002a1b000 	/usr/lib/libxslt.1.dylib
0x0000000002a1b000 	/System/Library/Frameworks/Carbon.framework/Versions/A/Frameworks/Ink.framework/Versions/A/Ink
0x0000000002a1b000 	/System/Library/PrivateFrameworks/TextureIO.framework/Versions/A/TextureIO
0x0000000002a1b000 	/usr/lib/libate.dylib
0x0000000002a1b000 	/System/Library/PrivateFrameworks/CrashReporterSupport.framework/Versions/A/CrashReporterSupport
0x0000000002a1b000 	/System/Library/PrivateFrameworks/Sharing.framework/Versions/A/Sharing
0x0000000002a1b000 	/System/Library/PrivateFrameworks/IconServices.framework/Versions/A/IconServices
0x0000000002a1b000 	/System/Library/PrivateFrameworks/ProtocolBuffer.framework/Versions/A/ProtocolBuffer
0x0000000002a1b000 	/System/Library/PrivateFrameworks/Apple80211.framework/Versions/A/Apple80211
0x0000000002a1b000 	/System/Library/Frameworks/CoreWLAN.framework/Versions/A/CoreWLAN
0x0000000002a1b000 	/System/Library/PrivateFrameworks/CoreUtils.framework/Versions/A/CoreUtils
0x0000000002a1b000 	/System/Library/Frameworks/IOBluetooth.framework/Versions/A/IOBluetooth
0x0000000002a1b000 	/System/Library/PrivateFrameworks/CoreWiFi.framework/Versions/A/CoreWiFi
0x0000000002a1b000 	/System/Library/Frameworks/CoreBluetooth.framework/Versions/A/CoreBluetooth
0x0000000002a1b000 	/System/Library/PrivateFrameworks/SignpostNotification.framework/Versions/A/SignpostNotification
0x0000000002a1b000 	/System/Library/PrivateFrameworks/DebugSymbols.framework/Versions/A/DebugSymbols
0x0000000002a1b000 	/System/Library/PrivateFrameworks/CoreSymbolication.framework/Versions/A/CoreSymbolication
0x0000000002a1b000 	/System/Library/PrivateFrameworks/Symbolication.framework/Versions/A/Symbolication
0x0000000002a1b000 	/System/Library/PrivateFrameworks/AppleFSCompression.framework/Versions/A/AppleFSCompression
0x0000000002a1b000 	/System/Library/PrivateFrameworks/SpeechRecognitionCore.framework/Versions/A/SpeechRecognitionCore
0x000000010e24d000 	/Library/Java/JavaVirtualMachines/jdk1.8.0_162.jdk/Contents/Home/jre/lib/server/libjvm.dylib
0x0000000002a1b000 	/usr/lib/libstdc++.6.0.9.dylib
0x000000010ca8f000 	/Library/Java/JavaVirtualMachines/jdk1.8.0_162.jdk/Contents/Home/jre/lib/libverify.dylib
0x000000010ca9d000 	/Library/Java/JavaVirtualMachines/jdk1.8.0_162.jdk/Contents/Home/jre/lib/libjava.dylib
0x000000010cb1d000 	/Library/Java/JavaVirtualMachines/jdk1.8.0_162.jdk/Contents/Home/jre/lib/libzip.dylib
0x000000012a9d2000 	/Library/Java/JavaVirtualMachines/jdk1.8.0_162.jdk/Contents/Home/jre/lib/libnet.dylib
0x000000012aaaf000 	/Library/Java/JavaVirtualMachines/jdk1.8.0_162.jdk/Contents/Home/jre/lib/libnio.dylib
0x000000012aabf000 	/Users/aruhmling/.gradle/native/25/osx-amd64/libnative-platform.dylib

VM Arguments:
jvm_args: -Djava.security.manager=worker.org.gradle.process.internal.worker.child.BootstrapSecurityManager -Dfile.encoding=UTF-8 -Duser.country=AR -Duser.language=es -Duser.variant 
java_command: worker.org.gradle.process.internal.worker.GradleWorkerMain 'Gradle Worker Daemon 1'
java_class_path (initial): /Users/aruhmling/.gradle/caches/3.5/workerMain/gradle-worker.jar
Launcher Type: SUN_STANDARD

Environment Variables:
PATH=/Users/aruhmling/.sdkman/candidates/grails/current/bin:/usr/local/bin:/usr/bin:/bin:/usr/sbin:/sbin
SHELL=/bin/bash

Signal Handlers:
SIGSEGV: [libjvm.dylib+0x5b52b5], sa_mask[0]=11111111011111110111111111111111, sa_flags=SA_ONSTACK|SA_RESTART|SA_SIGINFO
SIGBUS: [libjvm.dylib+0x5b52b5], sa_mask[0]=11111111011111110111111111111111, sa_flags=SA_RESTART|SA_SIGINFO
SIGFPE: [libjvm.dylib+0x48ac5c], sa_mask[0]=11111111011111110111111111111111, sa_flags=SA_RESTART|SA_SIGINFO
SIGPIPE: [libjvm.dylib+0x48ac5c], sa_mask[0]=11111111011111110111111111111111, sa_flags=SA_RESTART|SA_SIGINFO
SIGXFSZ: [libjvm.dylib+0x48ac5c], sa_mask[0]=11111111011111110111111111111111, sa_flags=SA_RESTART|SA_SIGINFO
SIGILL: [libjvm.dylib+0x48ac5c], sa_mask[0]=11111111011111110111111111111111, sa_flags=SA_RESTART|SA_SIGINFO
SIGUSR1: SIG_DFL, sa_mask[0]=00000000000000000000000000000000, sa_flags=none
SIGUSR2: [libjvm.dylib+0x48a77a], sa_mask[0]=00100000000000000000000000000000, sa_flags=SA_RESTART|SA_SIGINFO
SIGHUP: [libjvm.dylib+0x488d45], sa_mask[0]=11111111011111110111111111111111, sa_flags=SA_RESTART|SA_SIGINFO
SIGINT: [libjvm.dylib+0x488d45], sa_mask[0]=11111111011111110111111111111111, sa_flags=SA_RESTART|SA_SIGINFO
SIGTERM: [libjvm.dylib+0x488d45], sa_mask[0]=11111111011111110111111111111111, sa_flags=SA_RESTART|SA_SIGINFO
SIGQUIT: [libjvm.dylib+0x488d45], sa_mask[0]=11111111011111110111111111111111, sa_flags=SA_RESTART|SA_SIGINFO


---------------  S Y S T E M  ---------------

OS:Bsduname:Darwin 17.3.0 Darwin Kernel Version 17.3.0: Thu Nov  9 18:09:22 PST 2017; root:xnu-4570.31.3~1/RELEASE_X86_64 x86_64
rlimit: STACK 8192k, CORE 0k, NPROC 1418, NOFILE 10240, AS infinity
load average:4.64 4.61 2.47

CPU:total 4 (initial active 4) (2 cores per cpu, 2 threads per core) family 6 model 58 stepping 9, cmov, cx8, fxsr, mmx, sse, sse2, sse3, ssse3, sse4.1, sse4.2, popcnt, avx, aes, clmul, erms, ht, tsc, tscinvbit, tscinv

Memory: 4k page, physical 16777216k(3836776k free)

/proc/meminfo:


vm_info: Java HotSpot(TM) 64-Bit Server VM (25.162-b12) for bsd-amd64 JRE (1.8.0_162-b12), built on Dec 19 2017 17:33:35 by "java_re" with gcc 4.2.1 (Based on Apple Inc. build 5658) (LLVM build 2336.11.00)

time: Mon Mar  5 09:09:15 2018
elapsed time: 4 seconds (0d 0h 0m 4s)

